nan
4.813409913827292144e+02
1.203962808857781113e+02
5.355724146687991549e+01
3.016172912166668141e+01
1.932844819943525394e+01
1.344692008280909157e+01
9.905562354390420765e+00
7.599158117529981382e+00
6.027135960559849792e+00
4.896492146995498729e+00
4.057845048518410103e+00
3.425964640160412689e+00
2.934791275729325299e+00
2.537617623386492216e+00
2.222199309939563605e+00
1.965326843933314249e+00
1.746064053497208501e+00
1.570765675090725511e+00
1.417582392814631387e+00
1.292833618191143064e+00
1.182239317099941234e+00
1.078768444042982333e+00
9.960441870272622733e-01
9.203430277797676196e-01
8.598779812087443686e-01
8.031622385319669988e-01
7.498269376777119133e-01
7.014487478564424006e-01
6.666222980946042709e-01
6.255797830519274072e-01
5.923050397358594621e-01
5.700193645050189994e-01
5.323131770180469235e-01
5.067518308456647746e-01
4.863647771273108544e-01
4.753807520631463390e-01
4.527610409757060195e-01
4.377833438626860252e-01
4.203691694934319489e-01
3.968336981102631444e-01
3.953042780919968080e-01
3.836128791097078716e-01
3.704321410864814812e-01
3.596192955651041911e-01
3.492096913333831432e-01
3.387267014555088718e-01
3.346715289363189072e-01
3.306297790520011937e-01
3.170668746379350367e-01
3.217451209294989734e-01
3.235020452946902880e-01
3.091333763396518775e-01
3.101117401392667894e-01
2.960795383079501408e-01
2.869426986328846296e-01
2.875676627606168489e-01
2.926535974267400197e-01
2.942783444861080122e-01
3.010169773516339076e-01
2.871163840020635738e-01
2.877411566315151714e-01
2.890481515896651254e-01
2.924578456860918996e-01
2.950597438016310803e-01
2.868279601843800597e-01
2.709218397664343581e-01
2.795682021850109944e-01
3.369228240792929707e-01
2.957723963052618088e-01
3.237650285469496625e-01
3.026220226571858518e-01
3.496014901602967906e-01
3.375474012912450528e-01
3.017460082103176067e-01
3.159120848275627225e-01
3.375736301977241838e-01
3.358019578048293541e-01
3.560923656181453900e-01
3.751568157950119220e-01
3.512464445072041030e-01
3.443818464050623640e-01
4.566895796608084757e-01
4.073338213002870578e-01
5.121460791137336654e-01
5.430721905754170020e-01
6.014332105233816117e-01
4.537563383252205540e-01
5.975760716399295402e-01
6.481636294884967064e-01
4.904703419156662414e-01
6.668097382169495546e-01
6.489711242904377952e-01
8.644096662349489701e-01
9.949314207354555961e-01
9.492192011640614435e-01
1.012366582763809308e+00
1.374149070902210390e+00
1.079649985882427110e+00
2.529466765412503815e+00
2.289354705058087802e+00
3.825441269740366579e+00
3.234596776843973398e+00
1.017459402597253426e+00
1.978109914636181355e+00
3.773570195239987157e+00
4.150094736853696453e+00
7.614842038850037298e+00
1.208987034272470140e+01
2.404992944404945376e+00
5.116176538097898074e+00
1.609236993698786478e+01
3.056622699031599666e+01
2.761674198463088032e+02
1.197833418476403153e+02
1.571801323387701821e+01
2.037800030861293266e+01
8.105230997381914548e+00
7.480492640200789367e+01
2.190527644773187532e+01
9.606747348148974908e+00
8.285037924813963173e+00
5.798914409584373431e+00
1.954728422901225837e+00
8.598984189461464922e+00
3.662344761644572344e+00
6.627015072817572516e+00
6.937788935849741989e+00
3.265930187952267083e+00
1.672671737883022036e+00
2.054067040554468981e+00
2.645179477728460515e+00
4.374206148618932311e+00
9.175255719913302244e-01
1.234115472716940998e+00
7.393397737037120665e-01
1.001554486332631555e+00
5.210587384713326609e-01
8.488092448223893971e-01
7.383089106072702190e-01
6.842352178537165486e-01
6.991004159207789836e-01
5.285757801866175498e-01
5.795438555971614836e-01
4.227955807956949030e-01
3.900468860685060157e-01
4.575422827346007915e-01
4.926377110942231630e-01
3.060415663317940238e-01
3.240067111167386216e-01
4.489352625379949835e-01
4.848566883405225347e-01
3.425356357503596128e-01
3.036729435326453452e-01
3.459233413914808430e-01
3.701736957101351422e-01
2.349300457626928573e-01
1.856380830365631507e-01
3.163237589085903800e-01
2.768573059828535188e-01
2.538790982250276884e-01
2.806705969220203434e-01
2.967401405329987418e-01
2.822008934830979032e-01
3.145681652767650105e-01
1.694012238932076364e-01
1.884108816710579892e-01
2.437107574759518336e-01
2.456505336766163228e-01
2.420194297909600001e-01
1.852329582797606344e-01
2.515877752291897362e-01
2.635637368539552328e-01
2.742994871208107588e-01
2.539448462692601716e-01
2.147344685748517334e-01
2.891547527529225170e-01
1.847477061255404784e-01
2.515714289855456309e-01
3.817516589231910729e-01
2.793853786645625892e-01
2.524940114414478964e-01
2.510573203298737122e-01
2.534646034253151825e-01
1.879407962494377970e-01
2.501673462745459542e-01
2.432923739790060491e-01
3.340908681467307240e-01
3.034140830713740189e-01
2.721917515165959145e-01
4.864465713314706230e-01
4.831664170782324352e-01
3.207314838441385763e-01
3.594694438848364815e-01
4.536395503944314900e-01
4.319163092371842705e-01
4.780187589844758778e-01
4.523420968212001902e-01
1.030241362029254759e+00
1.152388907421320718e+00
