nan
4.812971099866194891e+02
1.203501005015289707e+02
5.351027914798068963e+01
3.011540362039523799e+01
1.928713397982528832e+01
1.340346894697607105e+01
9.857944235580310632e+00
7.556794575269091041e+00
5.978109933348035199e+00
4.850167960344463403e+00
4.013672241844533417e+00
3.377196253068474263e+00
2.882156069886022465e+00
2.491595066369687750e+00
2.176366236965463052e+00
1.915628304849471553e+00
1.701249919736892435e+00
1.523565175782948478e+00
1.370134512095941393e+00
1.239477989145661985e+00
1.126445602275129909e+00
1.031092650279870515e+00
9.501437401814469830e-01
8.736940258821965788e-01
8.084665717406094299e-01
7.505434723526095420e-01
6.978156835032640615e-01
6.520754176816661030e-01
6.106944295800735834e-01
5.729529646696522871e-01
5.388740518796184542e-01
5.093773799596302831e-01
4.810004671876920712e-01
4.551777518564999458e-01
4.325477764305513118e-01
4.095547092082577056e-01
3.918388195026560883e-01
3.711873631442711430e-01
3.538374969972035711e-01
3.402023466727215339e-01
3.255206965022430232e-01
3.121509685454531557e-01
3.016036214848374919e-01
2.898684506300196473e-01
2.805474894825120136e-01
2.678561351153387893e-01
2.585269091133520214e-01
2.513884546411729870e-01
2.420187730338733134e-01
2.335456929394663927e-01
2.292029426747342058e-01
2.225400334214771569e-01
2.122287381276972418e-01
2.085686391900908043e-01
2.042135494033266996e-01
1.980402752240109365e-01
1.940874010530867777e-01
1.885829101566480759e-01
1.845152730747966485e-01
1.793786433077751430e-01
1.799903014140285251e-01
1.723053858971050067e-01
1.669918007340489841e-01
1.659066693497329714e-01
1.626864976492384540e-01
1.566365676290518150e-01
1.557684290303743557e-01
1.575155028408330160e-01
1.498220446516899673e-01
1.504736887048842564e-01
1.511112598555937048e-01
1.469729819327004472e-01
1.428200065388831874e-01
1.396045451510997681e-01
1.419496021238423056e-01
1.372862301117068751e-01
1.391166448529606858e-01
1.386447117245147853e-01
1.298865959584352692e-01
1.360552678906102042e-01
1.315695887316059021e-01
1.407503595833911880e-01
1.223507612272520945e-01
1.304137458600744259e-01
1.276134695983741629e-01
1.313886279091205089e-01
1.281792242468784981e-01
1.237404982690607225e-01
1.295397569968379514e-01
1.282587425168452144e-01
1.227071784300261537e-01
1.253041584809822251e-01
1.284198238669675973e-01
1.337866587454879241e-01
1.308520978673815838e-01
1.176865774432936385e-01
1.279333463778400126e-01
1.345524029001005095e-01
1.244333819241049410e-01
1.404755381358517574e-01
1.346242889334267612e-01
1.276910395245279550e-01
1.298088244195934049e-01
1.395746660627736890e-01
1.336186598545591464e-01
1.429251436689628618e-01
1.454291490248628693e-01
1.409497795342752602e-01
1.248253931708731140e-01
1.451636303352322188e-01
1.401775234239807932e-01
1.394242589075612160e-01
1.389580713633012943e-01
1.584215027658770203e-01
1.685068490346726122e-01
1.507864765278955632e-01
1.563873990215004506e-01
1.609383557774031193e-01
1.572227540532355472e-01
1.966717713271034507e-01
1.731684676171038328e-01
1.967715941078423403e-01
2.013355239227268556e-01
2.093775811664030650e-01
2.013058996389309740e-01
1.932848838775719502e-01
2.089126673299626646e-01
2.327124691026943859e-01
2.622085326296245134e-01
2.564545726456081143e-01
2.449441804253578159e-01
2.781281370556523136e-01
2.966634424968487838e-01
3.138953863295475544e-01
3.028943292989242919e-01
3.002182552743001276e-01
3.123327420928455056e-01
3.294157518835582610e-01
3.686537540612280783e-01
3.271734296108507190e-01
4.716996038529888136e-01
4.165265828354988153e-01
3.948560495135093884e-01
4.525862163483075351e-01
4.956899681456240492e-01
3.055655183531698627e-01
5.000174580198164520e-01
7.838898480655716039e-01
5.930191899158534508e-01
5.724235313755426935e-01
8.307863464790106178e-01
6.695804275395356164e-01
1.228644020342714915e+00
8.030827352653721052e-01
2.029571969158789901e+00
7.326282156498740150e-01
7.428520296074051510e-01
1.999739496553551987e+00
1.560099180537229069e+00
1.279548866455489042e+00
1.284516734015668238e+00
1.873003205110586489e+00
1.691465804621051205e+01
2.958729075809475528e+00
3.362924161361205311e+00
8.936446693975375055e+00
9.761255568164681051e+01
4.377851752601155333e+00
8.442726641081083727e+00
1.948451453518931586e+01
1.911465620048875280e+01
4.611862777209918107e+00
9.881199865950430095e+00
2.296693629354151867e+01
1.067236176981568718e+01
9.178744997936934880e+00
3.823049349181725454e+00
8.503098764908475715e+00
3.871122374264641230e+00
4.409136722015146503e+00
3.945743198661391560e+00
1.705927687489553923e+00
4.655533151482064369e+00
4.707486244711526879e+00
3.470834273998661512e+00
2.207259621357439361e+00
2.136689260091817033e+00
2.194961023847992188e+00
1.209875119343539307e+00
1.241826091580555458e+00
7.175660448657830148e-01
7.107538209330490631e-01
5.436301162081138560e-01
9.660784031421035811e-01
1.274530841113602708e+00
4.737356992836266323e-01
2.851337545686168928e-01
9.218505455704931739e-01
4.238961306789132411e-01
