1.944297982440528576e+05
4.369482780327512614e+02
1.146152163593302475e+02
5.178155375391686732e+01
2.937226525640072694e+01
1.889504855358017821e+01
1.316962762589039215e+01
9.701601498362848019e+00
7.443841050042483865e+00
5.892950306179446152e+00
4.780361426407215397e+00
3.956919042618707749e+00
3.329815913144293926e+00
2.841370523546678850e+00
2.452393348159880304e+00
2.139288299333053534e+00
1.882888402506969427e+00
1.669178101510312207e+00
1.491744240871310190e+00
1.340084093048334646e+00
1.210965279497930203e+00
1.099560425046560708e+00
1.004643059709308561e+00
9.193332949739783100e-01
8.455276823271770104e-01
7.813969767057880045e-01
7.230196552565567591e-01
6.702513717840880014e-01
6.251454397109500460e-01
5.845304922629431799e-01
5.468962906705494564e-01
5.133943787873759268e-01
4.822732809497753959e-01
4.545041258425512876e-01
4.285059925032574379e-01
4.052616550635122494e-01
3.841081397372985151e-01
3.642438114494339629e-01
3.463324733172671310e-01
3.297162125795892740e-01
3.137343596609875052e-01
2.995834534302793117e-01
2.862030658080190748e-01
2.735170236789829512e-01
2.617878399896217956e-01
2.510167174335873330e-01
2.414655956827304051e-01
2.308836825330788378e-01
2.224770624734776492e-01
2.143318555325246511e-01
2.062952380050707413e-01
1.984769633768717345e-01
1.915321508964176467e-01
1.855455355660787231e-01
1.793900051351878522e-01
1.736666245944997744e-01
1.674938935646864135e-01
1.626111902699981515e-01
1.570932911490677819e-01
1.530662441667724194e-01
1.482880333211448465e-01
1.426102359608222847e-01
1.397196059136799062e-01
1.353202174849016948e-01
1.318867565787754659e-01
1.281058705731372149e-01
1.249000344425132830e-01
1.214594358171204175e-01
1.185011245255504636e-01
1.158534219893552625e-01
1.131617823563939862e-01
1.110553147419418157e-01
1.081918923712497510e-01
1.051009407554617525e-01
1.031150815394104858e-01
1.013210192839265472e-01
9.848591970776615634e-02
9.622471234548021779e-02
9.457673024360668812e-02
9.311445254065747745e-02
9.121050199667507519e-02
8.794456441735919172e-02
8.629096541226007056e-02
8.561288914204127909e-02
8.501513306401362047e-02
8.323832499090642878e-02
8.026900570506934063e-02
7.922440780930845028e-02
7.800125970691385024e-02
7.646782048706808610e-02
7.602763834815096100e-02
7.456813190434886940e-02
7.281377302348619740e-02
7.134719490598451230e-02
7.227485307539661952e-02
6.899766563884798809e-02
7.009645390543885191e-02
6.742995708828460055e-02
6.745219911293978687e-02
6.645906938028874056e-02
6.572889483702745728e-02
6.518169671886701877e-02
6.395887920228873758e-02
6.312146161545416356e-02
6.260810638364627811e-02
6.127814792570547564e-02
6.104832440677238070e-02
6.080522064974620833e-02
5.995599257680993277e-02
5.849896618365424406e-02
5.763980125888784611e-02
5.758887974802046755e-02
5.704605668941484242e-02
5.598770022216355280e-02
5.529366385952495799e-02
5.491581374703641272e-02
5.451482810333504320e-02
5.443856884058234646e-02
5.317755680474896274e-02
5.271923168548339061e-02
5.310248632782249567e-02
5.312591151866097317e-02
5.100529201867224499e-02
5.225024194461682508e-02
5.107701437041078929e-02
5.169672355028832877e-02
4.745068292452277181e-02
5.014073144772288049e-02
4.974008725006857923e-02
4.943071210837701041e-02
5.056434952554743345e-02
4.864519079558839165e-02
4.824875151296510040e-02
4.887212792965028169e-02
4.790322556374551621e-02
4.743316168195511884e-02
4.746207586868973760e-02
4.688579632433733518e-02
4.829791279446592200e-02
4.700981966252820721e-02
4.677052138561625660e-02
4.776871225403642174e-02
4.792244791918331276e-02
4.694072504392908518e-02
4.634435459190974771e-02
4.760404011150197456e-02
4.595641886959168920e-02
4.757174884831683742e-02
4.668032273897890910e-02
4.497177589139352005e-02
4.593840985522563980e-02
4.692523741059335951e-02
4.764001316826228793e-02
4.506391342193545591e-02
4.674563484485290410e-02
4.606590837941356570e-02
4.901302502556747348e-02
4.687875644543570974e-02
4.658761673997083991e-02
4.752788073776836875e-02
4.667985621363023030e-02
4.975489573622879358e-02
4.753347214333075721e-02
4.701809872208791152e-02
4.593397206424684742e-02
4.718002877044036314e-02
4.616347490798607817e-02
5.079785335240881439e-02
4.464010195835195483e-02
4.885436016182864716e-02
4.620871203896541324e-02
4.971809847971912777e-02
4.625769864306191609e-02
4.725387996199803542e-02
4.901687021086487128e-02
5.017105560818506393e-02
5.206577400877149958e-02
4.843374823757805314e-02
5.161590718633030095e-02
4.646183091345996996e-02
5.696165127395258487e-02
5.672825379027975068e-02
4.625181726277671768e-02
6.184573330427613203e-02
5.616340706206736366e-02
5.294895362907993397e-02
5.228731173840956564e-02
5.550544493484700637e-02
5.124698425708415495e-02
5.756334918300924641e-02
5.629649292288468193e-02
7.138718816508880793e-02
6.305539871898217796e-02
5.335442194412355621e-02
6.061944972140994453e-02
5.713207067326239730e-02
5.844630872350883855e-02
6.142437341095412229e-02
6.757490385328063232e-02
6.635340849232874982e-02
