1.945173075974860112e+05
4.411163459748262312e+02
1.167599735203026086e+02
5.323040694912717186e+01
3.046832660127991943e+01
1.977912374361627101e+01
1.391038571522173939e+01
1.034093171587498183e+01
8.006849161259323111e+00
6.395865128764681273e+00
5.236428181127277703e+00
4.373626348976477729e+00
3.713810170466417482e+00
3.197639383904163246e+00
2.786020694946863774e+00
2.452341280865018902e+00
2.177970240966515814e+00
1.949545301935859065e+00
1.757278512828273742e+00
1.593865569358340561e+00
1.453765022010320873e+00
1.332710353947780479e+00
1.227372891652771747e+00
1.135124344896279558e+00
1.053866773301761706e+00
9.819088451182221844e-01
9.178746162066946379e-01
8.606353070163801355e-01
8.092577436379104761e-01
7.629649667936785340e-01
7.211057248919370277e-01
6.831307990427303301e-01
6.485743656305726912e-01
6.170391609287904089e-01
5.881847030336441184e-01
5.617177687757202165e-01
5.373847482562059685e-01
5.149652986004769062e-01
4.942672827329733232e-01
4.751224795446457039e-01
4.573831099881213169e-01
4.409188810164353378e-01
4.256145595762053646e-01
4.113679140644822541e-01
3.980879527309859611e-01
3.856935140008956320e-01
3.741119301940187269e-01
3.632780294721301706e-01
3.531331627836480358e-01
3.436244673368498148e-01
3.347041376505734966e-01
3.263288745168614335e-01
3.184593470776777568e-01
3.110597635361489477e-01
3.040974829255480572e-01
2.975426743164225618e-01
2.913680003869800750e-01
2.855483872799460809e-01
2.800607793529795719e-01
2.748839210266030841e-01
2.699982143333657381e-01
2.653855281969340618e-01
2.610290713909630966e-01
2.569132654157707529e-01
2.530236292228091322e-01
2.493466970352761491e-01
2.458699143799751297e-01
2.425815517424306789e-01
2.394706698344700180e-01
2.365270164046427981e-01
2.337409930469170338e-01
2.311036002655587618e-01
2.286063931520777304e-01
2.262414237700974828e-01
2.240012217030422081e-01
2.218787576413912277e-01
2.198673721750067089e-01
2.179608062023543624e-01
2.161531196886212758e-01
2.144386726443595070e-01
2.128121021357884946e-01
2.112682872960908176e-01
2.098023080411455243e-01
2.084094257528761318e-01
2.070850420974313932e-01
2.058246330042838579e-01
2.046237550405994310e-01
2.034779712683162378e-01
2.023827921103519278e-01
2.013336382701307326e-01
2.003258013721548325e-01
1.993542803946221631e-01
1.984139301865866789e-01
1.974991168300604394e-01
1.966037362754425866e-01
1.957215132083774400e-01
1.948451238694043908e-01
1.939668408123107479e-01
1.930780940687510938e-01
1.921697551944175908e-01
1.912314905159998857e-01
1.902523487338458330e-01
1.892207284050138605e-01
1.881238716445301495e-01
1.869490699741940265e-01
1.856827622397346778e-01
1.843118144076316967e-01
1.828234770611682214e-01
1.812063013998058969e-01
1.794506870913246677e-01
1.775498292662789912e-01
1.755007586803098985e-01
1.733050998205183379e-01
1.709701173796276952e-01
1.685093492264283510e-01
1.659430507266519972e-01
1.632981272224578173e-01
1.606077449690783698e-01
1.579102344536328362e-01
1.552476625581264424e-01
1.526639067352003332e-01
1.502026512015563198e-01
1.479053425564752222e-01
1.458093330420484612e-01
1.439464813452172864e-01
1.423422171299186245e-01
1.410151728170577767e-01
1.399773064403287137e-01
1.392344753763375409e-01
1.387872886302358999e-01
1.386321352789287309e-01
1.387622833969552882e-01
1.391689474472924126e-01
1.398422164303279591e-01
1.407719092113076664e-01
1.419482166136516732e-01
1.433622157073871639e-01
1.450062748594803663e-01
1.468742862165045293e-01
1.489618504135093169e-01
1.512663702670176413e-01
1.537870660537717094e-01
1.565250024033570664e-01
1.594830503705744751e-01
1.626658365666263095e-01
1.660797095910932220e-01
1.697326652890618071e-01
1.736343037925629218e-01
1.777958149255851050e-01
1.822298417608153587e-01
1.869505146926033756e-01
1.919733729347410933e-01
1.973153606573094798e-01
2.029946603267989147e-01
2.090308083769709113e-01
2.154444565761031716e-01
2.222574271683429303e-01
2.294925588086191015e-01
2.371735714229068204e-01
2.453249213628908298e-01
2.539717732616085799e-01
2.631394663449938554e-01
2.728536788823501258e-01
2.831398556376655828e-01
2.940229209513126607e-01
3.055270555745542849e-01
3.176751561903005117e-01
3.304884313447452593e-01
3.439859553713513485e-01
3.581841506599801050e-01
3.730962862388572110e-01
3.887320469619856556e-01
4.050969886046583701e-01
4.221921779048143364e-01
4.400138398877387891e-01
4.585530604621099737e-01
4.777956285510069900e-01
4.977220254881182249e-01
5.183073983706165677e-01
5.395218015214756635e-01
5.613303991289331218e-01
5.836938194746646991e-01
6.065684232045160940e-01
6.299066529790101621e-01
6.536572013632240274e-01
6.777650745172475455e-01
7.021713822985194975e-01
7.268128881901309013e-01
7.516212303970223330e-01
7.765217934392281141e-01
8.014322344014600530e-01
8.262607474469346736e-01
8.509040791376640822e-01
8.752454677964994767e-01
8.991527268047615484e-01
9.224766281014764591e-01
9.450499078842178324e-01
9.666872655510065915e-01
9.871866092523186031e-01
1.006331937907877228e+00
