1.948153306067236117e+05
4.458087442348593186e+02
1.190766214603225563e+02
5.478121324476438758e+01
3.164248095064881028e+01
2.072937828941792304e+01
1.471230860675219354e+01
1.103805700457799333e+01
8.625395167572731836e+00
6.953013117812613331e+00
5.745558549313376062e+00
4.842370268636779329e+00
4.151365577245415217e+00
3.607654344248961920e+00
3.173994041535848076e+00
2.818890674715409883e+00
2.528891463241887738e+00
2.284506155021552409e+00
2.078428761148419124e+00
1.903301361170223416e+00
1.753561395645537146e+00
1.623417286397603299e+00
1.510326177188584307e+00
1.410173968693394730e+00
1.321929429521787158e+00
1.245346446736668833e+00
1.176795280797769294e+00
1.114399055961514451e+00
1.060265546784058044e+00
1.008949076215573504e+00
9.632506970769454391e-01
9.230225539616283559e-01
8.867694281420716029e-01
8.548777349954125304e-01
8.244076790646557296e-01
7.947859052136390101e-01
7.712532114522776538e-01
7.468121954318025502e-01
7.254916683739267569e-01
7.084966469165689951e-01
6.905577002247674789e-01
6.738839143246885266e-01
6.589566262675812247e-01
6.455587202429573512e-01
6.344591672553054895e-01
6.250211238328871044e-01
6.125646188279258997e-01
6.050718336648839291e-01
5.957908028555243263e-01
5.889077347778939320e-01
5.819539954622932054e-01
5.781932074083738771e-01
5.728551314128436101e-01
5.708603105658912602e-01
5.658349707660381700e-01
5.652541745754655622e-01
5.622778901350197200e-01
5.622021969062789282e-01
5.586388169323800446e-01
5.579837864326364638e-01
5.606284454302274955e-01
5.573771498747477349e-01
5.591186457068632043e-01
5.642500872334328399e-01
5.608111372939790229e-01
5.663337596007016472e-01
5.641824313101235777e-01
5.678119292490921843e-01
5.710368772459585296e-01
5.705533628197606566e-01
5.763006321822887745e-01
5.761986572650852345e-01
5.790132107218952662e-01
5.859453286132325633e-01
5.904715750051311440e-01
5.885845587828973935e-01
5.945186948208696087e-01
5.978057600247914660e-01
6.080290335211198105e-01
6.081951241756395898e-01
6.089345498731362216e-01
6.209417957726989235e-01
6.215229765827273711e-01
6.185819180306282306e-01
6.344341269032098829e-01
6.364340915162620682e-01
6.510607797531602348e-01
6.470452985454007155e-01
6.538113766373865321e-01
6.550873294941106373e-01
6.736417290476899300e-01
6.569357391041711347e-01
6.621978629519142956e-01
6.671870368279784191e-01
6.743940650736039988e-01
6.633719984143833237e-01
6.581081533860885235e-01
6.630265699150491576e-01
6.589133666973205905e-01
6.459200971902914201e-01
6.359564881229647915e-01
6.312463199865654406e-01
6.104672513772402276e-01
6.103604437966818619e-01
5.725242588814329903e-01
5.521341205328147428e-01
5.291318773058368841e-01
5.013828520158559732e-01
4.756989428727035896e-01
4.302947821554955476e-01
4.315818121620957348e-01
4.115045364464050559e-01
3.799640545576634665e-01
3.635479062710421649e-01
3.405428926489975083e-01
3.194480132335216771e-01
3.041378999035394548e-01
2.995198227221107512e-01
2.823172612496736567e-01
2.735790144051467587e-01
2.598079264031059044e-01
2.529394912890663982e-01
2.492619052446519712e-01
2.444447122842241249e-01
2.351123793334342904e-01
2.402478253074469272e-01
2.446082091116718038e-01
2.395798817515836232e-01
2.421675277412713156e-01
2.378721146818895127e-01
2.418492262007006510e-01
2.414172026122725911e-01
2.471176604429324852e-01
2.590203140179563324e-01
2.583196606796903660e-01
2.649416672468621892e-01
2.709206525671266630e-01
2.786196118798290322e-01
2.857233650703779881e-01
2.903438946274610188e-01
3.034669871755370507e-01
3.180504157410705135e-01
3.138313334762379836e-01
3.297820879142376871e-01
3.229348612928250040e-01
3.553173142555422492e-01
3.583531800663026790e-01
3.604903748667100394e-01
4.011784105760906050e-01
3.821674381676198884e-01
4.292112934765315857e-01
4.390053667592621056e-01
4.641902252071901658e-01
5.066036318543170047e-01
5.075992800618712719e-01
4.962591732341794515e-01
5.693733179600577454e-01
5.606759867474020442e-01
5.987633575708396494e-01
6.126876656770257057e-01
6.615863001484721950e-01
7.192479753618851168e-01
7.978362430594700960e-01
8.395379861874582295e-01
9.569983027772893669e-01
1.041631016954809308e+00
1.094311469581487950e+00
1.220786245234097400e+00
1.341544405309028631e+00
1.666129059201035822e+00
1.851468242896886718e+00
2.091397326407395507e+00
2.488804479210203979e+00
2.650985500092268854e+00
3.113057872383041769e+00
3.847274492112992661e+00
4.156109276338422198e+00
5.860223549692112677e+00
6.603851547379495202e+00
8.145539014071500716e+00
1.087723550564006381e+01
1.257035293811359722e+01
1.589635419633506785e+01
1.913025185488029933e+01
2.446408914417603953e+01
2.679118909649194791e+01
3.487455191354013095e+01
4.020443324765694371e+01
5.335270418514175361e+01
4.755820793673999702e+01
6.211637187830504558e+01
5.564465011170982933e+01
6.771258301231621601e+01
6.665288437071170335e+01
6.914837362046849023e+01
6.163983370388778127e+01
6.085357889492058803e+01
5.579480578535978452e+01
4.876479789202528536e+01
4.446748407768301092e+01
