1.944881330621083325e+05
4.397221868526831940e+02
1.160402361033559089e+02
5.274274609482587550e+01
3.009807675295215645e+01
1.947973848283780995e+01
1.365839851987504616e+01
1.012286043989495177e+01
7.814234663385805746e+00
6.223051014548026671e+00
5.079445287681263466e+00
4.229581842729610131e+00
3.580530239231339174e+00
3.073448807785617465e+00
2.669600805047017911e+00
2.342635222703193687e+00
2.074117621270097356e+00
1.850836038944630557e+00
1.663119520385385020e+00
1.503756159465631015e+00
1.367278400012859052e+00
1.249479556902318045e+00
1.147079870506436450e+00
1.057491477098480681e+00
9.786500198133132322e-01
9.088924529284391207e-01
8.468666785727293478e-01
7.914642190979584990e-01
7.417692950649321659e-01
6.970198519370007784e-01
6.565776291503135909e-01
6.199046314731910812e-01
5.865448356513078831e-01
5.561096044616840040e-01
5.282660417796349872e-01
5.027276152015927035e-01
4.792466543474409590e-01
4.576081346140082884e-01
4.376246362194290973e-01
4.191321862497919826e-01
4.019868224504097864e-01
3.860617276178666124e-01
3.712447884852109747e-01
3.574366273646602532e-01
3.445488849815738774e-01
3.325027802830603507e-01
3.212278649319203483e-01
3.106610115123477622e-01
3.007455023237931568e-01
2.914302399441238145e-01
2.826691138410971638e-01
2.744204101548384234e-01
2.666463204491175132e-01
2.593124712318684022e-01
2.523876219843091961e-01
2.458432565383864288e-01
2.396533422777908373e-01
2.337940442837422306e-01
2.282435229608837657e-01
2.229817347404844108e-01
2.179902250021191479e-01
2.132520216849003725e-01
2.087514553787476745e-01
2.044740671769061935e-01
2.004064600199074453e-01
1.965362481978167042e-01
1.928519425772850515e-01
1.893428662151716568e-01
1.859990962479694809e-01
1.828114088449306063e-01
1.797711898102404837e-01
1.768704232851409930e-01
1.741016199855975333e-01
1.714577708391383792e-01
1.689323307144992292e-01
1.665191627014772635e-01
1.642125162929944371e-01
1.620069959715178531e-01
1.598975358344643383e-01
1.578793674417549031e-01
1.559480066449190350e-01
1.540992274750770108e-01
1.523290384713324452e-01
1.506336729320199574e-01
1.490095601047470852e-01
1.474533138497884643e-01
1.459617165635816172e-01
1.445316962426486385e-01
1.431603194480245145e-01
1.418447726213748483e-01
1.405823342390079556e-01
1.393703732306617593e-01
1.382063275341531561e-01
1.370876806743248355e-01
1.360119501851799473e-01
1.349766723260248102e-01
1.339793668247568903e-01
1.330175402697244547e-01
1.320886426207811826e-01
1.311900665431572910e-01
1.303191217944594249e-01
1.294730133445080866e-01
1.286488346508533609e-01
1.278435562694944239e-01
1.270540267908192578e-01
1.262769778394378650e-01
1.255090442068263756e-01
1.247468081433401321e-01
1.239868654841646961e-01
1.232258994119546786e-01
1.224608200636912170e-01
1.216888968020958528e-01
1.209079720457067603e-01
1.201166484745190555e-01
1.193145422152257357e-01
1.185025154901003797e-01
1.176829019153271122e-01
1.168596569527936002e-01
1.160384630486556157e-01
1.152266863079071946e-01
1.144332109958726695e-01
1.136681351284741931e-01
1.129423314348814572e-01
1.122669123325129720e-01
1.116526690864453053e-01
1.111095125566896741e-01
1.106460080322983347e-01
1.102690576359753039e-01
1.099837070634950842e-01
1.097931307183100530e-01
1.096987559274848478e-01
1.097004890743972089e-01
1.097969870757353611e-01
1.099859992466350467e-01
1.102646608480275237e-01
1.106297782313921674e-01
1.110780694622449799e-01
1.116063299656075841e-01
1.122116070212819394e-01
1.128912715021457847e-01
1.136430722751415878e-01
1.144651902222336010e-01
1.153562062438962255e-01
1.163151273794156004e-01
1.173413383054899145e-01
1.184345952657118728e-01
1.195949688211973561e-01
1.208228302568190998e-01
1.221188145034725059e-01
1.234837698919559468e-01
1.249187557006009863e-01
1.264249872515127993e-01
1.280038170044539847e-01
1.296567177095848122e-01
1.313852394691735204e-01
1.331910101230667776e-01
1.350756940329795319e-01
1.370409772953845029e-01
1.390885603381513957e-01
1.412201273004056179e-01
1.434373347000579280e-01
1.457417924219533978e-01
1.481350500538806680e-01
1.506185920654052879e-01
1.531938002768738205e-01
1.558619643966469570e-01
1.586242757734602771e-01
1.614817900663978456e-01
1.644354351779311052e-01
1.674860181019826588e-01
1.706341955621420992e-01
1.738804880908989825e-01
1.772252724428160509e-01
1.806687850919285743e-01
1.842111233500662304e-01
1.878522484331178743e-01
1.915919883354176567e-01
1.954300618714537863e-01
1.993660602656333602e-01
2.033994766366469253e-01
2.075296949910499511e-01
2.117560152596321688e-01
2.160776341467207651e-01
2.204936633577807836e-01
2.250031245492044585e-01
2.296049265926329297e-01
2.342978713130379753e-01
2.390806247151436859e-01
2.439516959608026836e-01
2.489093998308459232e-01
2.539518331531454565e-01
2.590768143761026931e-01
2.642818549281488183e-01
2.695640975430461661e-01
2.749202849034205198e-01
2.803466873771563450e-01
2.858390964676401080e-01
2.913927752454075204e-01
2.970024554738199263e-01
3.026623533318860138e-01
