1.945464789990954741e+05
4.425151417622028589e+02
1.174844009620837966e+02
5.372281287521649062e+01
3.084337849593491043e+01
2.008337006694689109e+01
1.416729518062823345e+01
1.056398872719886306e+01
8.204515233535007113e+00
6.573799033881022602e+00
5.398601670068807756e+00
4.522934938538797134e+00
3.852430498948555382e+00
3.327249635365610470e+00
2.907942608100845483e+00
2.567635049525510471e+00
2.287499693499599029e+00
2.054024114161324466e+00
1.857303596865806039e+00
1.689941652051830001e+00
1.546323154675971701e+00
1.422122044714400291e+00
1.313960927714556748e+00
1.219171392001257459e+00
1.135622115590217529e+00
1.061593847184647998e+00
9.956870609159421681e-01
9.367530084345325747e-01
8.838414617772334392e-01
8.361608362328295518e-01
7.930472736217761831e-01
7.539407117147500781e-01
7.183658338355926043e-01
6.859171504950566378e-01
6.562469387523574005e-01
6.290556970909394474e-01
6.040841903810680869e-01
5.811071969125198855e-01
5.599281733857637278e-01
5.403750435667651342e-01
5.222965378156406713e-01
5.055592450995073373e-01
4.900451286292757391e-01
4.756493967236906650e-01
4.622787306303235977e-01
4.498498035652003790e-01
4.382879749658605828e-01
4.275261916570418652e-01
4.175040564602354731e-01
4.081670150143291154e-01
3.994656365990071345e-01
3.913550384024458428e-01
3.837943469384546002e-01
3.767462073676062784e-01
3.701764384517564066e-01
3.640536237372897221e-01
3.583488571286009838e-01
3.530354413418550497e-01
3.480886636884526486e-01
3.434855732119544980e-01
3.392048341614890550e-01
3.352265288917850028e-01
3.315320509517599712e-01
3.281039509354968242e-01
3.249258569296864518e-01
3.219823800783007117e-01
3.192590200061460326e-01
3.167421046582625244e-01
3.144187437481710257e-01
3.122767470913246912e-01
3.103045924504473363e-01
3.084913968729359746e-01
3.068268461090445376e-01
3.053012065137117315e-01
3.039052316906546980e-01
3.026301650446029390e-01
3.014676715850159172e-01
3.004098172372428599e-01
2.994489995501784518e-01
2.985778864827605128e-01
2.977893528121108302e-01
2.970763932720473788e-01
2.964320297176076813e-01
2.958491906750436162e-01
2.953206030379063041e-01
2.948386147673122681e-01
2.943950790068926016e-01
2.939811097005574081e-01
2.935869272021606746e-01
2.932016107518084502e-01
2.928128615355323761e-01
2.924067611251700560e-01
2.919674862558275796e-01
2.914770850040446781e-01
2.909151979950918010e-01
2.902588741411088469e-01
2.894823909559311459e-01
2.885572166562883067e-01
2.874520237168355363e-01
2.861329441246115990e-01
2.845639553401728694e-01
2.827076182788089698e-01
2.805260705630988616e-01
2.779823779865224775e-01
2.750422466536389110e-01
2.716761463067969284e-01
2.678615908058550876e-01
2.635857266934688026e-01
2.588477522037804235e-01
2.536611666723614378e-01
2.480554174679416302e-01
2.420767202067932722e-01
2.357878088789371329e-01
2.292664584418063201e-01
2.226028059112361013e-01
2.158956290616966256e-01
2.092478580541629607e-01
2.027618095863032432e-01
1.965345879207319735e-01
1.906540429089700894e-01
1.851957147439845519e-01
1.802208434729745123e-01
1.757755600612002922e-01
1.718911187581244060e-01
1.685849983384605510e-01
1.658625944239341399e-01
1.637193012149617821e-01
1.621427193275079282e-01
1.611148239625936340e-01
1.606139761703669622e-01
1.606167007437405703e-01
1.610991782116953375e-01
1.620384622979409162e-01
1.634134595394374223e-01
1.652056524961669215e-01
1.673996697832258740e-01
1.699836747568884976e-01
1.729496674657265698e-01
1.762936853591713648e-01
1.800159712473318185e-01
1.841211016629648867e-01
1.886181109979876425e-01
1.935206259551462415e-01
1.988470269830996118e-01
2.046206411442393069e-01
2.108699838092067125e-01
2.176290480732712418e-01
2.249376724982051212e-01
2.328419663679124341e-01
2.413948166041677834e-01
2.506564753923762323e-01
2.606952500648668236e-01
2.715882891509324160e-01
2.834224534378405047e-01
2.962953197693719565e-01
3.103162672832714408e-01
3.256076948129615345e-01
3.423063168621786612e-01
3.605645565877332315e-01
3.805519893687545618e-01
4.024568368945054542e-01
4.264873940198766200e-01
4.528733920521484380e-01
4.818671180335020177e-01
5.137442320427788589e-01
5.488040333578025898e-01
5.873689800873526101e-01
6.297832590991161439e-01
6.764099794508354746e-01
7.276267493256367569e-01
7.838191731405308449e-01
8.453721014050985527e-01
9.126581315734957345e-01
9.860234634627345063e-01
1.065771067391900750e+00
1.152141817223342857e+00
1.245294128389138777e+00
1.345283898373548448e+00
1.452046029757164902e+00
1.565380037280817760e+00
1.684941489177863572e+00
1.810241292205071240e+00
1.940653486022057228e+00
2.075431283459272080e+00
2.213729117196161944e+00
2.354627491117854632e+00
2.497155116354390358e+00
2.640303390047527010e+00
2.783027391276426954e+00
2.924230085781617916e+00
3.062727283325331396e+00
3.197195459407069951e+00
3.326106909976820791e+00
3.447661758937108356e+00
3.559730311185684837e+00
3.659823821931499577e+00
3.745114330939727232e+00
3.812524435724280014e+00
3.858902462539426814e+00
3.881285344408457849e+00
