1.946048402684812027e+05
4.453267159445749712e+02
1.189474687759183951e+02
5.472207608263574485e+01
3.160818090744831110e+01
2.070681784912126489e+01
1.469633537727424510e+01
1.102560024578108511e+01
8.615631641129951390e+00
6.945749056255812626e+00
5.739340488698065457e+00
4.838265783365709893e+00
4.146719529852259001e+00
3.603866833758487154e+00
3.169545835174973014e+00
2.816359770653966255e+00
2.525089672814693653e+00
2.281923774230514290e+00
2.076724755422610258e+00
1.901912997675634376e+00
1.751727202452336929e+00
1.621723391408887105e+00
1.508428223296102377e+00
1.409094544609468702e+00
1.321525833704930708e+00
1.243948649344251756e+00
1.174918155733698510e+00
1.113247494732652276e+00
1.057954387432989751e+00
1.008220069676942554e+00
9.633577963109120068e-01
9.227880082105357484e-01
8.860189325155166662e-01
8.526311380610377411e-01
8.222651430024270347e-01
7.946115155403290498e-01
7.694027141987768159e-01
7.464065685495518965e-01
7.254208269228370476e-01
7.062686369858983682e-01
6.887948929069747095e-01
6.728630080510256128e-01
6.583524159410815146e-01
6.451562517549818132e-01
6.331795253135510393e-01
6.223374773032392948e-01
6.125541780557308691e-01
6.037613727482830095e-01
5.958974025183598755e-01
5.889062907376215739e-01
5.827369388112509929e-01
5.773424633506613057e-01
5.726794922358939832e-01
5.687077015193350293e-01
5.653892726037843541e-01
5.626884884505202189e-01
5.605713254056593486e-01
5.590052039403750062e-01
5.579586727897232201e-01
5.574011821401433364e-01
5.573029795726717195e-01
5.576349339813315709e-01
5.583685076561759608e-01
5.594757702571517832e-01
5.609293983905190295e-01
5.627027778933220148e-01
5.647701495962014206e-01
5.671067774334532796e-01
5.696891386821865133e-01
5.724951232488714181e-01
5.755042807734465082e-01
5.786979889683239175e-01
5.820596650686209461e-01
5.855748412350038068e-01
5.892312610274391682e-01
5.930188040670779648e-01
5.969293400483201006e-01
6.009564658359382028e-01
6.050950067799549803e-01
6.093403955989413756e-01
6.136878150875552107e-01
6.181311804325253512e-01
6.226617418213551414e-01
6.272665315760213023e-01
6.319264356133447169e-01
6.366140174150218822e-01
6.412910087946697146e-01
6.459054976925198144e-01
6.503889042124991748e-01
6.546528163462335126e-01
6.585859340934940853e-01
6.620511768722513457e-01
6.648837043412090253e-01
6.668900437937599346e-01
6.678491632589320659e-01
6.675162679388652043e-01
6.656300463580406834e-01
6.619240172741747141e-01
6.561423939022187346e-01
6.480598714662226811e-01
6.375043847697821064e-01
6.243803671954915036e-01
6.086894315458348803e-01
5.905447179102957245e-01
5.701757496026258476e-01
5.479215198879210380e-01
5.242116125012894479e-01
4.995377388965380749e-01
4.744193376240097848e-01
4.493684908169910397e-01
4.248587477887010300e-01
4.013013929554206660e-01
3.790308470865200174e-01
3.582991841413432077e-01
3.392783054126581876e-01
3.220676600179540050e-01
3.067052675745471912e-01
2.931800282856774631e-01
2.814438394049251224e-01
2.714225062113473363e-01
2.630249846135809810e-01
2.561507892654221741e-01
2.506955992076906892e-01
2.465553451033710708e-01
2.436289909267534970e-01
2.418202903865488418e-01
2.410388150194224810e-01
2.412004297189363766e-01
2.422274267225666411e-01
2.440484627584331712e-01
2.465984012679031390e-01
2.498181647106191283e-01
2.536546301389417390e-01
2.580606155035326532e-01
2.629949920811976427e-01
2.684228877577619632e-01
2.743160217780328258e-01
2.806531228844297843e-01
2.874204489027649689e-01
2.946123759434358114e-01
3.022320462116733775e-01
3.102920989353410985e-01
3.188154578696940633e-01
3.278362070749611945e-01
3.374005961338024107e-01
3.475681529796747493e-01
3.584130397045428573e-01
3.700256248479555921e-01
3.825143892548178437e-01
3.960082570127871904e-01
4.106594536042100785e-01
4.266470143288982331e-01
4.441811511156614212e-01
4.635086238622557198e-01
4.849194818873586721e-01
5.087553960738845360e-01
5.354200904127233152e-01
5.653924252736087785e-01
5.992427786604634932e-01
6.376537468452592172e-01
6.814463149688790855e-01
7.316131264229824849e-01
7.893609684592861608e-01
8.561652750307090498e-01
9.338404134169353554e-01
1.024630760734606350e+00
1.131329297623055563e+00
1.257432771337703814e+00
1.407345532740287730e+00
1.586648325431998963e+00
1.802453575302053412e+00
2.063875581320459229e+00
2.382651841626677314e+00
2.773960594930238166e+00
3.257485958446928009e+00
3.858781839032439986e+00
4.610965289347020324e+00
5.556709119329482860e+00
6.750357634240552684e+00
8.259697839670081976e+00
1.016639794928110874e+01
1.256333706718514343e+01
1.554615267419394087e+01
1.919600982139620982e+01
2.355233512276678098e+01
2.857992589041538167e+01
3.414404689085561984e+01
4.001316351553322193e+01
4.590014569769557795e+01
5.152622227119589837e+01
5.666765408301407803e+01
6.114957289995641787e+01
6.478448463705802851e+01
6.728990410719690374e+01
6.824587752038817712e+01
6.716515414800404926e+01
6.371445852232369589e+01
5.799766346616568313e+01
5.066819383317128000e+01
4.271383231307548556e+01
