1.949492326911174750e+05
4.434316560828359570e+02
1.177274767702084830e+02
5.383361666198582185e+01
3.090726645734365974e+01
2.012522004430335087e+01
1.419665146567757930e+01
1.058579173452814715e+01
8.221701526199126420e+00
6.587363215391000892e+00
5.409267293253636311e+00
4.532678178317285145e+00
3.859920918921480482e+00
3.334266824025360787e+00
2.913948338389203752e+00
2.573910361416608339e+00
2.292761828044889594e+00
2.058021548763302455e+00
1.860828933952271003e+00
1.693986080742759803e+00
1.549520009595674930e+00
1.425197410917248275e+00
1.316450326584257757e+00
1.221861236700638065e+00
1.137998597194790129e+00
1.064473069692445817e+00
9.979993432748160975e-01
9.380199494203325106e-01
8.851697804456093444e-01
8.393048148409144593e-01
7.940051794726020740e-01
7.558482980421062924e-01
7.208485254368177664e-01
6.874860773037219097e-01
6.581616610013577562e-01
6.296150036980761033e-01
6.043438412430498508e-01
5.832788432782303190e-01
5.624474087663968724e-01
5.422030387697814868e-01
5.225986511893289110e-01
5.077037171190839082e-01
4.905471240648199283e-01
4.773313236166755180e-01
4.629301214360419525e-01
4.502604916000914059e-01
4.404799891087912145e-01
4.268927046052984342e-01
4.194858949041032070e-01
4.083185324088013934e-01
3.998042069908084306e-01
3.927600082988809138e-01
3.830861295062794047e-01
3.781152486913097466e-01
3.709087527372103010e-01
3.657201958211598325e-01
3.606671065387557773e-01
3.524110464218078165e-01
3.504706701590403206e-01
3.437045528543371531e-01
3.396152790259870935e-01
3.389546791328489905e-01
3.327675162473042736e-01
3.277406337010562720e-01
3.272367373538868085e-01
3.222103381699705782e-01
3.210856453511902187e-01
3.185721570033086536e-01
3.160330170374586189e-01
3.106391863404833753e-01
3.121594706782276352e-01
3.079091858080562072e-01
3.087179269765376599e-01
3.045405050918835732e-01
3.046591298219666899e-01
3.030342136648203066e-01
3.025274393856914878e-01
3.035447420139690822e-01
2.972788948405016285e-01
2.969658129424274096e-01
2.998325754617708894e-01
2.994757759532821195e-01
3.026107677827551967e-01
2.951615397710355970e-01
2.939867878687131841e-01
2.932822431121214213e-01
2.928675854853208804e-01
2.935285312866504626e-01
2.912016788571924475e-01
2.943941708773112342e-01
2.981479322725641423e-01
2.919191098550119046e-01
2.922950748933121901e-01
2.958361464635511084e-01
2.913969692962128377e-01
2.927296640137230233e-01
2.934911689098783638e-01
2.879025559445320126e-01
2.883821722103068197e-01
2.838848323934056728e-01
2.859923942944009312e-01
2.786016402261911606e-01
2.758589257593238031e-01
2.818450447557774297e-01
2.730901528467089001e-01
2.664507609957731948e-01
2.674547645872381585e-01
2.634854722673578564e-01
2.602018805780625943e-01
2.490916320841176090e-01
2.503058664531254696e-01
2.392653494774558687e-01
2.329496558816531726e-01
2.309614420025146164e-01
2.198977158807199350e-01
2.171625435816167404e-01
2.109104473159452153e-01
1.994546993773181343e-01
1.942053607803528592e-01
1.898367077714072093e-01
1.815426128778692971e-01
1.770630803061175318e-01
1.803558814952622158e-01
1.738045284175856187e-01
1.717571137715398766e-01
1.635672996601147122e-01
1.697528082150041306e-01
1.619545812244436445e-01
1.564876133861567986e-01
1.611817977112835198e-01
1.635619881326244307e-01
1.653792984331861893e-01
1.551797463313561443e-01
1.612618751370087644e-01
1.667673538808245592e-01
1.690930340389563413e-01
1.684489432623900718e-01
1.723153052296460541e-01
1.767247428980700807e-01
1.856368082485455040e-01
1.873726086939291879e-01
1.854802441921577227e-01
1.930805190669534488e-01
1.949593829411497281e-01
2.116470602462485751e-01
2.097424647166866440e-01
2.223896992116610183e-01
2.262718742552849438e-01
2.490355997881294470e-01
2.355054495811751136e-01
2.596110491580274626e-01
2.603315424216924301e-01
2.679122097848739004e-01
2.894773632253132556e-01
2.857563001469154429e-01
3.117806068652823059e-01
3.258155479895898932e-01
3.321625796338489867e-01
3.681365148514657570e-01
4.016205373180314342e-01
3.896183375798752402e-01
4.233650487348436520e-01
4.689465623204073785e-01
4.822140828676823587e-01
5.433034323106575858e-01
5.501225355682323181e-01
6.192586986240563585e-01
5.927098709494881268e-01
6.821272253264945018e-01
7.477371080437146267e-01
7.788558771651387103e-01
8.269971235755024797e-01
9.269572401081935809e-01
9.841601795377292738e-01
9.944102223050862444e-01
1.118663362752591706e+00
1.262414773305680304e+00
1.353213108446218893e+00
1.280224030562749471e+00
1.552475617072994973e+00
1.710503332851510461e+00
1.755603002539201318e+00
1.816965040057402447e+00
1.934535161212244114e+00
2.217079124883894359e+00
2.124603896210604859e+00
2.558294120795485682e+00
2.862177604170101475e+00
2.667206174685465392e+00
3.037130191341912422e+00
2.954739503380688248e+00
3.260188122484821260e+00
3.533190954697079444e+00
3.440476649858924318e+00
3.145111040942935254e+00
4.195995853159292466e+00
3.659914445989438825e+00
4.132875948917877906e+00
4.065796334854931970e+00
3.462265750022809119e+00
