1.945756508436571166e+05
4.439038492957213862e+02
1.181976819300604973e+02
5.420420454784501629e+01
3.120694276582382543e+01
2.037537660180387178e+01
1.441243595336425898e+01
1.077463970742008925e+01
8.389491127629627343e+00
6.738671210882777984e+00
5.548205594296803156e+00
4.658402576962271446e+00
3.977488997693194861e+00
3.442885748013338354e+00
3.015520793561123902e+00
2.668852164445723929e+00
2.382225432444601054e+00
2.143234419377697098e+00
1.941445673941694983e+00
1.771314332074340303e+00
1.623338634312070150e+00
1.494540191400430151e+00
1.385193765309674419e+00
1.286110668256160494e+00
1.200540179783990302e+00
1.124324811480864605e+00
1.055617582799625032e+00
9.938763770898906280e-01
9.401565094241610687e-01
8.902768566622688562e-01
8.453387221103654259e-01
8.046197127411368610e-01
7.670818111182347021e-01
7.327014773916684653e-01
7.010401270054827938e-01
6.738964075166014034e-01
6.472326545963966726e-01
6.229224168875888701e-01
5.998815291097052693e-01
5.798340547715680193e-01
5.599807384013488765e-01
5.416005697036755384e-01
5.249116557937555383e-01
5.084563633242200620e-01
4.943487005580128879e-01
4.799547678397651507e-01
4.659224814872532372e-01
4.546469095205764033e-01
4.434139118964816051e-01
4.315255230945378995e-01
4.214722242221677351e-01
4.118594721065704789e-01
4.014956458204237411e-01
3.941679727212391016e-01
3.830592214917134530e-01
3.773054694062470404e-01
3.678003356937572521e-01
3.613710931246038038e-01
3.510953250613896848e-01
3.464797171209498261e-01
3.390276245786633114e-01
3.308863988501375419e-01
3.238154390338294220e-01
3.184837578393183710e-01
3.113519596678838708e-01
3.052294562952597712e-01
2.985637834357808273e-01
2.955749035433964389e-01
2.866138042104930950e-01
2.816531357893795051e-01
2.757214331418371134e-01
2.731640538026881559e-01
2.662849390938298866e-01
2.614431700675488024e-01
2.536385192350602003e-01
2.488107666445959487e-01
2.451935802702614464e-01
2.398214088863042659e-01
2.343828845752647938e-01
2.289270315557185853e-01
2.270036367522563214e-01
2.188061807672662118e-01
2.137389359613761641e-01
2.111246477191957016e-01
2.092539169643790053e-01
2.061844370328425047e-01
2.016365739771146526e-01
1.975932817555022536e-01
1.944664614944687231e-01
1.874089048969238003e-01
1.865503024535032361e-01
1.827112057688553837e-01
1.807683639997074154e-01
1.749471139909777040e-01
1.721038429366185674e-01
1.686105767758409313e-01
1.630976875821908978e-01
1.658639140592869932e-01
1.644698507102774210e-01
1.637968371073978413e-01
1.591393269852648951e-01
1.597186489456368652e-01
1.603287362041492248e-01
1.595852726151229528e-01
1.581940122227345480e-01
1.595211542177888964e-01
1.594125554655941857e-01
1.537160966340520574e-01
1.535692248921415037e-01
1.614575403695177047e-01
1.594972061414635656e-01
1.626045846391863670e-01
1.663659710601266828e-01
1.712313500947839906e-01
1.731632593018885835e-01
1.860876210638155448e-01
1.882005420166413812e-01
1.918605696463000776e-01
2.098639413309908441e-01
2.125444347281391089e-01
2.341654056886846580e-01
2.444119084314853307e-01
2.542180407828744659e-01
2.767430790354575287e-01
2.949206149422110568e-01
3.274215795192214618e-01
3.290655465916502709e-01
3.450919710276774133e-01
3.559071895902623517e-01
3.746868141457397883e-01
3.666198818413416438e-01
3.636038439216819906e-01
3.687240756380146811e-01
3.605393815491471643e-01
3.406519047716055626e-01
3.487844015845265044e-01
3.096670745539509828e-01
2.918613661250780700e-01
2.867794959723835024e-01
2.667434857553926952e-01
2.708402466938348851e-01
2.464166985506371366e-01
2.305820988385529069e-01
2.184280061779983184e-01
2.124318165350105314e-01
2.008884752644266025e-01
1.846362784899202025e-01
1.816526038857884107e-01
1.656631480945353896e-01
1.680108538800282325e-01
1.631445045912668923e-01
1.541369608643938793e-01
1.517374156076911340e-01
1.487777898826714296e-01
1.456631866703465839e-01
1.450079342175361052e-01
1.409209444376983145e-01
1.404458420888246017e-01
1.276506584178684067e-01
1.278231572297671703e-01
1.186781163342015277e-01
1.211981877161130705e-01
1.248590947183555316e-01
1.132766590848583721e-01
1.189336558486485396e-01
1.126132230485731300e-01
1.240280057644029543e-01
1.105620668679048180e-01
1.159478662056794146e-01
1.134881905036291133e-01
1.110008103071338098e-01
1.053501818992316902e-01
1.057222322517598623e-01
1.076951944763150371e-01
1.061368259784655071e-01
1.055173788032863491e-01
1.036840294838749094e-01
1.044715394831768479e-01
1.070202457751391750e-01
1.069467755983296436e-01
9.326200836281663131e-02
1.079227554915545562e-01
1.028296712445704308e-01
1.094409861381579058e-01
1.021103101001123725e-01
9.876741235006339381e-02
9.599411862009472884e-02
1.014434551891173625e-01
9.423929969984412569e-02
1.053679405546767700e-01
1.039658042815815864e-01
1.158231954698259042e-01
1.143499581079804733e-01
1.370158818346999818e-01
1.197272089635506020e-01
1.132742054968116224e-01
9.494469167915908780e-02
1.320242803747302685e-01
1.313003969798832438e-01
1.287013985006744410e-01
