1.949199937240816071e+05
4.420306041278603288e+02
1.170029113530679155e+02
5.334082453324030837e+01
3.053099545560219497e+01
1.982056027080300709e+01
1.393879974078617678e+01
1.036139006262927786e+01
8.023261577083653506e+00
6.409703088663929904e+00
5.246972669103485920e+00
4.384030552374766465e+00
3.721865319110627013e+00
3.204104691222196433e+00
2.792668655805631506e+00
2.458182676913177822e+00
2.182414111465827755e+00
1.952888543381321451e+00
1.760450216041729687e+00
1.598685609851538958e+00
1.456917397352792687e+00
1.337001583846478381e+00
1.230367399082092028e+00
1.136616730430674460e+00
1.056286385122327642e+00
9.840818500067372021e-01
9.197320752381107356e-01
8.625697175063555822e-01
8.109253561226955620e-01
7.644913372063021351e-01
7.219113897333304664e-01
6.855280813117147209e-01
6.503617906427341389e-01
6.174302441365111527e-01
5.890145236019623809e-01
5.629823981818500300e-01
5.379063441436024995e-01
5.154788400788729019e-01
4.947685321574054607e-01
4.764192383922645213e-01
4.600677762117148517e-01
4.413896450352211009e-01
4.275086823432408534e-01
4.117497283187996349e-01
3.983269133099756609e-01
3.884460693099164308e-01
3.758147341804104480e-01
3.641013871552077896e-01
3.525431147360759687e-01
3.440214430439792470e-01
3.380417698318690656e-01
3.285442973757611851e-01
3.177592024423612216e-01
3.131656071809108544e-01
3.049578312416723058e-01
2.980082286366805833e-01
2.908430421739284233e-01
2.868739047257672370e-01
2.812414705405672510e-01
2.741057003691610428e-01
2.707054864857087462e-01
2.643108578864915570e-01
2.618941342427543173e-01
2.594301802090002718e-01
2.499159209722415509e-01
2.497613537229675940e-01
2.489856012048500267e-01
2.436256194435953149e-01
2.396482714324888463e-01
2.322860970963555038e-01
2.342010021303499168e-01
2.304009727695436327e-01
2.303790461233626852e-01
2.260598531178734105e-01
2.256915087127899788e-01
2.236119612408561663e-01
2.202805120672014227e-01
2.194047860684845141e-01
2.151530953243183109e-01
2.156554296779013280e-01
2.139490741246449224e-01
2.069926658998051394e-01
2.090153629244394240e-01
2.053174657544461212e-01
2.063849279891279420e-01
2.073353838495419210e-01
2.037573266211131773e-01
2.061754789871331484e-01
2.020380728568622331e-01
1.969078875411288954e-01
1.992409358164979327e-01
1.970734607903966984e-01
1.973956328894379830e-01
1.965057765249958732e-01
1.973098424574409038e-01
1.954359457993998239e-01
1.950378148914321819e-01
1.988437003894598931e-01
1.933071502670602737e-01
1.946741119875484982e-01
1.896382936649132767e-01
1.921184060798147297e-01
1.923104690891617174e-01
1.912905913028181137e-01
1.857955352184408881e-01
1.863745936792308155e-01
1.825634219527293434e-01
1.806656198025069493e-01
1.826602390519461716e-01
1.821949634889368785e-01
1.770400850004941462e-01
1.737834340633764019e-01
1.767776201839990902e-01
1.733085700853396749e-01
1.672369268533526743e-01
1.660932213041470262e-01
1.656435894141816689e-01
1.534702063801839378e-01
1.569429576682030980e-01
1.568286868061388450e-01
1.535884480190194690e-01
1.464226577902519311e-01
1.520161770989779115e-01
1.389805734241699731e-01
1.491991979209574271e-01
1.419598842122306304e-01
1.430560554238380355e-01
1.400411162825178080e-01
1.335640181283916372e-01
1.360458347118219946e-01
1.373104262469612147e-01
1.421305649695500106e-01
1.352521062911048733e-01
1.359949903925262993e-01
1.387283632391332344e-01
1.496143431064408391e-01
1.331979022859419437e-01
1.404953089434251012e-01
1.489809796648973728e-01
1.510887842865180630e-01
1.509524667743267490e-01
1.574343783470573133e-01
1.672001037412794711e-01
1.495785702580516852e-01
1.629663255737048289e-01
1.569492909409141990e-01
1.634906509818568887e-01
1.769652188176416840e-01
1.720631605012407916e-01
1.745885452342277877e-01
1.757576398998944578e-01
1.803265065195017447e-01
2.004409062712926293e-01
2.225473659460692755e-01
2.022886963148716188e-01
2.264505545226621619e-01
2.215023417040461462e-01
2.371150865857379886e-01
2.318624021623645060e-01
2.359610518044789607e-01
2.418497054333854923e-01
2.792098698283729807e-01
2.648936333640595220e-01
3.197597537528501510e-01
3.028448912471615739e-01
2.956386243472396980e-01
3.251044916830526099e-01
3.421258165615754798e-01
3.084430703827579778e-01
3.379513130684548283e-01
3.612559183081274772e-01
3.481210634647299296e-01
3.971375628131587621e-01
4.008561773194806443e-01
4.826112969712712530e-01
4.483510094100949250e-01
4.733333678936954003e-01
5.256640250281852111e-01
5.110820038206858040e-01
5.048634110447769441e-01
5.799472910326999298e-01
5.733511408570474144e-01
5.454381341010092754e-01
7.053300467841107091e-01
6.259858139284917300e-01
5.478548126359774617e-01
6.469148547261768245e-01
7.439802268285782283e-01
6.453703045778917957e-01
8.386096081565689309e-01
8.660182771447804129e-01
9.069337073434629026e-01
8.794199172727897862e-01
8.330779431396326817e-01
8.958166554923598923e-01
9.771472942951611174e-01
9.589136519327100538e-01
9.037122179493705110e-01
1.226035005167063874e+00
8.819359801445737501e-01
