1.944297907892028743e+05
4.369476874998304083e+02
1.146146954763561894e+02
5.178144834564063359e+01
2.937169960047729589e+01
1.889519273749550621e+01
1.316875558982145833e+01
9.701161652839839888e+00
7.443565642164607254e+00
5.892104222424740634e+00
4.780287515868398174e+00
3.956432592861830244e+00
3.329047662140990571e+00
2.840287909981854320e+00
2.452130377250950399e+00
2.138747678928063056e+00
1.882098494313185988e+00
1.669271935219741820e+00
1.490831116850113158e+00
1.339749401733173029e+00
1.210707191077543543e+00
1.099617693466276025e+00
1.003299433949362829e+00
9.192456264168710200e-01
8.454595532790520895e-01
7.803349843340006142e-01
7.225678748251219696e-01
6.710907480802534852e-01
6.250229015860958581e-01
5.836325991267240498e-01
5.463077378308105470e-01
5.125332208296534686e-01
4.818730421768539496e-01
4.539561037742287919e-01
4.284649863653897106e-01
4.051269791552487565e-01
3.837065593051248724e-01
3.639996058557498637e-01
3.458284694012851435e-01
3.290379291115982929e-01
3.134919244910251979e-01
2.990707402397855819e-01
2.856687339964484873e-01
2.731923987597091319e-01
2.615587202937269540e-01
2.506937647574416506e-01
2.405315716535332271e-01
2.310131108754646112e-01
2.220854448057165420e-01
2.137009186184619935e-01
2.058166726490525122e-01
1.983939310562054525e-01
1.913976451373750054e-01
1.847960765648816728e-01
1.785603028993111852e-01
1.726640715333211951e-01
1.670834608460484705e-01
1.617965674097270601e-01
1.567834332035078770e-01
1.520257259102547331e-01
1.475066382442628832e-01
1.432107421040598183e-01
1.391238374351277673e-01
1.352328174435549757e-01
1.315256512924244670e-01
1.279911640215258273e-01
1.246190563852342115e-01
1.213997807668009271e-01
1.183244964346731321e-01
1.153849911493655955e-01
1.125736312375544834e-01
1.098833375561212577e-01
1.073075034320155607e-01
1.048399691633785658e-01
1.024750083564258535e-01
1.002072605572685571e-01
9.803171493680561122e-02
9.594369658676768498e-02
9.393881872672911471e-02
9.201298360086707095e-02
9.016233607709575604e-02
8.838327140534593673e-02
8.667239755826590397e-02
8.502652472644454951e-02
8.344265871506961751e-02
8.191798169403514962e-02
8.044984195919972769e-02
7.903573618467880924e-02
7.767330238026060041e-02
7.636032422518312934e-02
7.509469611021864222e-02
7.387444039791930817e-02
7.269767634647585075e-02
7.156264211383406293e-02
7.046764701933905251e-02
6.941112024554371707e-02
6.839155110278238858e-02
6.740751808661875344e-02
6.645768187524048187e-02
6.554072740595702495e-02
6.465551992899640221e-02
6.380084137511823905e-02
6.297561080468824790e-02
6.217880407545423038e-02
6.140944064726660406e-02
6.066658630996453472e-02
5.994932999066549667e-02
5.925687307114224645e-02
5.858836098438019446e-02
5.794306291955608756e-02
5.732025343337346368e-02
5.671925041752430563e-02
5.613932178426296604e-02
5.557994891918220659e-02
5.504046991860757354e-02
5.452036157381037751e-02
5.401906574024003399e-02
5.353608302975954719e-02
5.307091692060893207e-02
5.262311655295216772e-02
5.219223305750633757e-02
5.177787080331939379e-02
5.137960671474753327e-02
5.099710068610675134e-02
5.062996827281662782e-02
5.027788923619964240e-02
4.994053224422433102e-02
4.961760942999115381e-02
4.930884430463651491e-02
4.901392433372010748e-02
4.873264590941795565e-02
4.846474860213259572e-02
4.821001591861977936e-02
4.796821943332196803e-02
4.773919509468667333e-02
4.752272646109212406e-02
4.731869307651706547e-02
4.712686169686187282e-02
4.694716975136122017e-02
4.677944898703287335e-02
4.662357496523295008e-02
4.647940346066276041e-02
4.634689952711688876e-02
4.622593582384754152e-02
4.611647163249862902e-02
4.601841673715223457e-02
4.593172564678073277e-02
4.585633889226702758e-02
4.579227193560823916e-02
4.573944360223078376e-02
4.569791025829411657e-02
4.566764158197369333e-02
4.564857332952231700e-02
4.564086678283366810e-02
4.564447871198723528e-02
4.565946578853311011e-02
4.568584180812208795e-02
4.572374506802384664e-02
4.577320499274897814e-02
4.583435694519599063e-02
4.590728249426095225e-02
4.599196793031502112e-02
4.608887120526802827e-02
4.619773457979601400e-02
4.631893757816518686e-02
4.645276334843478905e-02
4.659914834016280760e-02
4.675834194239972263e-02
4.693059542799766365e-02
4.711614623959219095e-02
4.731523918954699814e-02
4.752809893346471304e-02
4.775502875512973450e-02
4.799633011607964961e-02
4.825227431008904250e-02
4.852317553570975606e-02
4.880945435689776346e-02
4.911144076543146053e-02
4.942956946093235437e-02
4.976421411092312591e-02
5.011587996815509982e-02
5.048490011486088391e-02
5.087191641298745293e-02
5.127739360394487772e-02
5.170189708601158340e-02
5.214599562358199908e-02
5.261032664979469614e-02
5.309553687870660621e-02
5.360231488848236914e-02
5.413139104719613681e-02
5.468354835942146330e-02
5.525959397180565946e-02
5.586039715677694473e-02
5.648686159943661772e-02
5.713996559966150190e-02
5.782071765325671325e-02
5.853020706572039517e-02
5.926957365241050657e-02
6.004004021984619965e-02
6.084288454250018352e-02
