1.948907582314748433e+05
4.406326742481509768e+02
1.162804230043853693e+02
5.285148466157784242e+01
3.016041382927595649e+01
1.952050305989513390e+01
1.368617752398058229e+01
1.014299711077046062e+01
7.831057693732146774e+00
6.236166306101054602e+00
5.090039162016377183e+00
4.238695291149916500e+00
3.588335878401772927e+00
3.079625881031125001e+00
2.675083221712915460e+00
2.346931512416072785e+00
2.078012309940140856e+00
1.854492166651203089e+00
1.666684812493411050e+00
1.506837518414761767e+00
1.370481665697387719e+00
1.252614975981460876e+00
1.149676332255550548e+00
1.059270921681445543e+00
9.810141340308135005e-01
9.111317954180161438e-01
8.487449632959639390e-01
7.921516150581070503e-01
7.435815691321161491e-01
6.988429658314539994e-01
6.586614925179271607e-01
6.205596879240338204e-01
5.884182545088392224e-01
5.574124119825739632e-01
5.300645739328750938e-01
5.037998243624617345e-01
4.802759050516902106e-01
4.578800658468258900e-01
4.391643903156690620e-01
4.196676579122149420e-01
4.030072152646038131e-01
3.872154532927561954e-01
3.720278983947171714e-01
3.588326773053608920e-01
3.456372553684543547e-01
3.331436893876920102e-01
3.229200922817021535e-01
3.109551956627996661e-01
3.010112976629872872e-01
2.926805176413751486e-01
2.828119852240754128e-01
2.748502054946781459e-01
2.678321741603132966e-01
2.588309599906581382e-01
2.542597975529590770e-01
2.460685811514853327e-01
2.414477648930284659e-01
2.347666554162666230e-01
2.277066611754063885e-01
2.235442641325040281e-01
2.179010266161997555e-01
2.128951382848422724e-01
2.091872406430826947e-01
2.043126787250552079e-01
2.001952302431188047e-01
1.973227185071952938e-01
1.934083501731350130e-01
1.906495044397763516e-01
1.862929505350209292e-01
1.839125040197492345e-01
1.803898701929534665e-01
1.762199142005734243e-01
1.748593137821310706e-01
1.721494708164926224e-01
1.687099449240072047e-01
1.678407692582494781e-01
1.652804103776021050e-01
1.629065504061275593e-01
1.607034157383781525e-01
1.591996606271810222e-01
1.556155345078667762e-01
1.545405829614361903e-01
1.524089451942378937e-01
1.517821005375399324e-01
1.489549296147535673e-01
1.489521874156173042e-01
1.474097762398111078e-01
1.432441859080141044e-01
1.419708895639530122e-01
1.404819321372482999e-01
1.408032158154646218e-01
1.396842503692196091e-01
1.389938654749872382e-01
1.357518011474665998e-01
1.343116254023975498e-01
1.346845412399581277e-01
1.346260252476624841e-01
1.327891000044367498e-01
1.320491765520103167e-01
1.314849435354340512e-01
1.330110406566484271e-01
1.296648860523489655e-01
1.300960060762234860e-01
1.275973389419133852e-01
1.287432137181519221e-01
1.289177089494440431e-01
1.252398696901023400e-01
1.232334198830254135e-01
1.243098200912283596e-01
1.253704008587245289e-01
1.233490291816524420e-01
1.224453568430541595e-01
1.204263508195665688e-01
1.192708181681403912e-01
1.200321129700389899e-01
1.201382168590382493e-01
1.190673327584350905e-01
1.193449034453664959e-01
1.171950757020965295e-01
1.148349646666549095e-01
1.158036557817578860e-01
1.160081605473865796e-01
1.130646889774846731e-01
1.142944811113353332e-01
1.109480269913184491e-01
1.116781994480674223e-01
1.115572383303486403e-01
1.106675172189148237e-01
1.088208815705739713e-01
1.127014299736653902e-01
1.131500190985350596e-01
1.090871021709961669e-01
1.076602715341214156e-01
1.136808877492087866e-01
1.113747570464104497e-01
1.078736947206554997e-01
1.067185249221230259e-01
1.134338815715891791e-01
1.094919187197944399e-01
1.132573500949463352e-01
1.155572774828606680e-01
1.135795300747267367e-01
1.159406983411508663e-01
1.172881699670036554e-01
1.179117200619513028e-01
1.144398791152548833e-01
1.234141318126564940e-01
1.206075928808464648e-01
1.133076057990415192e-01
1.179628048512719740e-01
1.274019412675508334e-01
1.236428829081224201e-01
1.207995218650716740e-01
1.260538880558869090e-01
1.309413843443644754e-01
1.346948324424216692e-01
1.365418811503495977e-01
1.475193795027130717e-01
1.328969095132662426e-01
1.461297226904431090e-01
1.362489246064573500e-01
1.458106330771989645e-01
1.458043135309040617e-01
1.525519999048287889e-01
1.673040576600471341e-01
1.654075268199017568e-01
1.761311641294636132e-01
1.662697602569457866e-01
1.700052035543932194e-01
1.756674852047985791e-01
1.672198725661601659e-01
1.689450184864987881e-01
2.008610177372393835e-01
1.755295280341144792e-01
1.832672217016938776e-01
1.811209482307084284e-01
1.881894466987582559e-01
1.933503212323018083e-01
1.933733032906965466e-01
1.976787560718913095e-01
2.089127812270150930e-01
2.347040405899188664e-01
2.081452681033078012e-01
2.228202753029145111e-01
1.976220971008936789e-01
2.164115705189918748e-01
2.172601762459673569e-01
2.421906363452024369e-01
2.484144090380770442e-01
2.891134405424090614e-01
2.524775433189544449e-01
3.115074922130047774e-01
2.590047210431897229e-01
2.688015290459224160e-01
2.979047619217362608e-01
2.831902946721504555e-01
2.847182355828769551e-01
2.878543450201201948e-01
2.752115824713504133e-01
3.514301617397702637e-01
