1.945756668806123198e+05
4.439185923632854269e+02
1.182135541021197298e+02
5.422001774040078459e+01
3.122330522021210086e+01
2.039256991069189695e+01
1.442923973554457895e+01
1.079216542797168188e+01
8.407388715310551319e+00
6.757031478271803948e+00
5.566168322120163658e+00
4.677734954637647213e+00
3.996644360798693452e+00
3.462559591300076178e+00
3.035674741227312623e+00
2.688853995433382771e+00
2.403074093133315881e+00
2.164672755381924496e+00
1.963628750045978810e+00
1.792453766278388372e+00
1.645459360699112139e+00
1.518260206246077049e+00
1.407430721456713218e+00
1.310262725498064107e+00
1.224592005772092485e+00
1.148671847548628167e+00
1.081079679034465446e+00
1.020647313015299984e+00
9.664080221213542377e-01
9.175561743199448506e-01
8.734160081015092114e-01
8.334171459267363247e-01
7.970755226980851260e-01
7.639780826192875685e-01
7.337706450497147870e-01
7.061480809930750224e-01
6.808463418646224508e-01
6.576360671555875337e-01
6.363171227286628095e-01
6.167143291431167462e-01
5.986737285540664200e-01
5.820595851663844522e-01
5.667518106114028953e-01
5.526438252414616059e-01
5.396407126291181688e-01
5.276576884259270850e-01
5.166187761515351751e-01
5.064556528344491548e-01
4.971066809012958387e-01
4.885160745225691770e-01
4.806331382663118212e-01
4.734116602405674112e-01
4.668093208135986050e-01
4.607872365939014170e-01
4.553095353577216176e-01
4.503429360274174287e-01
4.458564940053495462e-01
4.418212526785666450e-01
4.382100478753031547e-01
4.349972768246601063e-01
4.321587149423986030e-01
4.296713609030877179e-01
4.275133403958240041e-01
4.256637596404281298e-01
4.241026705588045731e-01
4.228110066231922093e-01
4.217705186080688007e-01
4.209637804643451275e-01
4.203741622334272732e-01
4.199858459439173575e-01
4.197838160869481472e-01
4.197538617763233448e-01
4.198825973662407840e-01
4.201574507031509143e-01
4.205666018965203978e-01
4.210990411255813859e-01
4.217443864232131023e-01
4.224928714791620354e-01
4.233351495397206232e-01
4.242621531933078449e-01
4.252647685079428141e-01
4.263337034356826649e-01
4.274589606137335629e-01
4.286294362003264524e-01
4.298325238529641101e-01
4.310533229678958911e-01
4.322741239039837313e-01
4.334737899545504924e-01
4.346264345503196291e-01
4.357011913154542615e-01
4.366608918967139208e-01
4.374614176772217422e-01
4.380507744428709938e-01
4.383684102828621088e-01
4.383450639665574800e-01
4.379025540084229284e-01
4.369543777437304710e-01
4.354074057218093596e-01
4.331633899587100101e-01
4.301228808861002895e-01
4.261895430536469243e-01
4.212756875284421332e-01
4.153088593280432339e-01
4.082389867417376417e-01
4.000452567373077861e-01
3.907426210950198375e-01
3.803860197238466689e-01
3.690724106626760981e-01
3.569392250451027260e-01
3.441597352333183313e-01
3.309349189538700609e-01
3.174831745515743209e-01
3.040285902298835441e-01
2.907893059547204118e-01
2.779671215795039840e-01
2.657393734660912776e-01
2.542534925968573667e-01
2.436243937249426561e-01
2.339344915334897745e-01
2.252356682341941085e-01
2.175527452140640361e-01
2.108877069892860501e-01
2.052242603336203453e-01
2.005322090558979975e-01
1.967715169926356478e-01
1.938957996597573674e-01
1.918552382380100396e-01
1.905989413370507979e-01
1.900767762533583927e-01
1.902407639400095218e-01
1.910461319567571814e-01
1.924520495075784654e-01
1.944221935998451389e-01
1.969251290822018052e-01
1.999346272984263151e-01
2.034298764767930867e-01
2.073956996065936531e-01
2.118227551562203992e-01
2.167077425127899026e-01
2.220536558953490058e-01
2.278700709759338139e-01
2.341735038935377489e-01
2.409878497947611220e-01
2.483449028014152460e-01
2.562850114284364600e-01
2.648578591037602514e-01
2.741234095321278819e-01
2.841530481910574113e-01
2.950309741695701371e-01
3.068558491452904047e-01
3.197427882915008235e-01
3.338257719306917948e-01
3.492604931714056171e-01
3.662278287388989195e-01
3.849379802207143486e-01
4.056354413410025450e-01
4.286049746279658734e-01
4.541788298174002647e-01
4.827454002303120939e-01
5.147596121696781379e-01
5.507554521892487065e-01
5.913610364636194827e-01
6.373166855678762399e-01
6.894964679584522083e-01
7.489339839912660945e-01
8.168528023360294155e-01
8.947022505833034378e-01
9.841988981896151456e-01
1.087373698754951379e+00
1.206624600382429691e+00
1.344772160639261527e+00
1.505116006281575824e+00
1.691484730443720164e+00
1.908270319093881673e+00
2.160431956404736287e+00
2.453447689993473624e+00
2.793185970512407579e+00
3.185664274757211256e+00
3.636662180235124442e+00
4.151165670288970766e+00
4.732651744247348802e+00
5.382268567212459054e+00
6.098036498073609479e+00
6.874259323607695649e+00
7.701361773653004228e+00
8.566310458662798055e+00
9.453618494784628012e+00
1.034670647645105745e+01
1.122919141568609191e+01
1.208560651126287766e+01
1.290116847351172424e+01
1.366048208027094368e+01
1.434541608082947306e+01
1.493274099470142602e+01
1.539246347983468333e+01
1.568807142723361991e+01
1.577992839145843718e+01
1.563244593140229810e+01
1.522409367250985746e+01
1.455713537589245021e+01
