1.947216419880808389e+05
4.510063024380121988e+02
1.219314730701647704e+02
5.677996501511012895e+01
3.319870849644942723e+01
2.201626649797867685e+01
1.581867301454274255e+01
1.201486237118732880e+01
9.505767183229545836e+00
7.759501603067465503e+00
6.492711059987369637e+00
5.542956507564804625e+00
4.811563442341119767e+00
4.235710199547820132e+00
3.773816709398795766e+00
3.397447821871633078e+00
3.086608028997133601e+00
2.826894283213120751e+00
2.607712302872088994e+00
2.421124701959666226e+00
2.261087223217985276e+00
2.122930299586683223e+00
2.002999590978460809e+00
1.898402140571600061e+00
1.806824021046159690e+00
1.726397219050568976e+00
1.655601239786652634e+00
1.593189341966260386e+00
1.538132780203321115e+00
1.489577744522397440e+00
1.446812459322008637e+00
1.409241210474382999e+00
1.376363981040244155e+00
1.347760327675284975e+00
1.323076367595648062e+00
1.302014416226614291e+00
1.284324382886696148e+00
1.269796837739752826e+00
1.258257133914462367e+00
1.249560457566076366e+00
1.243587562599284269e+00
1.240240973101223165e+00
1.239441441819474576e+00
1.241124861853405204e+00
1.245238866595858029e+00
1.251739788491382122e+00
1.260589265118346791e+00
1.271750833724125673e+00
1.285186157134142748e+00
1.300851193658132621e+00
1.318691968571990669e+00
1.338640286364588761e+00
1.360609329066599704e+00
1.384489489159868247e+00
1.410144316430924416e+00
1.437407497732608563e+00
1.466080615776558460e+00
1.495932751040344844e+00
1.526701731140938101e+00
1.558098197864870693e+00
1.589812161635322019e+00
1.621522592174883481e+00
1.652909665272680240e+00
1.683669490104895861e+00
1.713530320880731317e+00
1.742269433500487352e+00
1.769729057985221399e+00
1.795830642941137034e+00
1.820586021116997077e+00
1.844104486487261330e+00
1.866595888298794748e+00
1.888369676250321483e+00
1.909830228748698122e+00
1.931470168639160878e+00
1.953861811640228208e+00
1.977648807199691383e+00
2.003538677987208860e+00
2.032296535892173850e+00
2.064741124849538423e+00
2.101741963505197042e+00
2.144217335298370219e+00
2.193131007334298221e+00
2.249484401596502536e+00
2.314299530064640287e+00
2.388585138723247958e+00
2.473274536660939216e+00
2.569118683872848585e+00
2.676511420497804217e+00
2.795217861330731690e+00
2.923973901894235894e+00
3.059936905128852302e+00
3.198008083074170393e+00
3.330142093181046814e+00
3.444926932909908146e+00
3.527916673427450078e+00
3.563291454879863096e+00
3.537111158263638089e+00
3.441541338300226016e+00
3.278313305940602440e+00
3.059380505998044786e+00
2.804030384557193667e+00
2.533818979932333626e+00
2.267789323940797352e+00
2.019722581359441715e+00
1.797648921605585537e+00
1.604821475135657760e+00
1.441203021367688519e+00
1.304843875066999503e+00
1.192904485379582713e+00
1.102309768623609632e+00
1.030116688098215771e+00
9.736900307590615755e-01
9.307629140870536943e-01
8.994344744491625798e-01
8.781371628484511138e-01
8.655921889869460095e-01
8.607628413464379902e-01
8.628102466379820035e-01
8.710531835299676340e-01
8.849320757026249984e-01
9.039764442221636109e-01
9.277748115174214716e-01
9.559459333193096597e-01
9.881103681101504055e-01
1.023861755130289541e+00
1.062737846069218284e+00
1.104192469365482765e+00
1.147571087501695564e+00
1.192094429502359221e+00
1.236856001227369051e+00
1.280839448673364744e+00
1.322959500559428792e+00
1.362125599083706007e+00
1.397320896642548993e+00
1.427683820506272072e+00
1.452577013407598816e+00
1.471631167591213707e+00
1.484757509473170423e+00
1.492130418529048930e+00
1.494147434752002290e+00
1.491376692211377586e+00
1.484501278045611716e+00
1.474267724803368651e+00
1.461442958445306806e+00
1.446781416399344433e+00
1.431002361644736931e+00
1.414776315819447072e+00
1.398719046707341818e+00
1.383391608349032076e+00
1.369304881600565071e+00
1.356927491031325150e+00
1.346696147716357261e+00
1.339027849885665367e+00
1.334333597980393193e+00
1.333033573350331125e+00
1.335574010307956083e+00
1.342446218438568595e+00
1.354208491570780826e+00
1.371512043005492121e+00
1.395132428586746132e+00
1.426008589257477199e+00
1.465292296013944062e+00
1.514412016759456359e+00
1.575156636210917283e+00
1.649786880810465872e+00
1.741185513045702127e+00
1.853062521491124715e+00
1.990239099487342012e+00
2.159045902302700437e+00
2.367889637761076305e+00
2.628071107361420911e+00
2.954985642201817697e+00
3.369915614295293516e+00
3.902758331180283147e+00
4.596265203773159946e+00
5.512781683179107439e+00
6.745240471207535116e+00
8.435606143726786854e+00
1.080682259402406942e+01
1.422016959510276735e+01
1.928252976345714131e+01
2.705662663490689113e+01
3.949608115631013305e+01
6.040481190154817170e+01
9.771810747287386789e+01
1.694362940533039819e+02
3.208166310247119668e+02
6.809197577882827090e+02
1.675000969458033069e+03
4.856902373337428799e+03
1.433586773273686413e+04
2.642998247964007533e+04
2.871199502042264430e+04
1.686537324325004374e+04
5.550404946803941129e+03
1.881512029161315240e+03
7.662688080153268402e+02
3.649437901888929332e+02
1.956982541299182685e+02
1.149133979723677896e+02
