1.997712026895635354e+05
4.490322569705321030e+02
1.178465032888010029e+02
5.328701525372260051e+01
3.025981142701376569e+01
1.949230221439210098e+01
1.360715441325078245e+01
1.004632329103411870e+01
7.727083654000753477e+00
6.134688556071541399e+00
4.991535977586970318e+00
4.143361514644746002e+00
3.502750466708164367e+00
2.998772555485353486e+00
2.600799190552180562e+00
2.280903407317985909e+00
2.018364159667056512e+00
1.796171054728544991e+00
1.616624859935748226e+00
1.459370034210125233e+00
1.328212286832957334e+00
1.212825090070490663e+00
1.111711172542585890e+00
1.028396321284352988e+00
9.481382490073281266e-01
8.842002284326569983e-01
8.301518728849378581e-01
7.791303719987870968e-01
7.313197980811736443e-01
6.888101590257709184e-01
6.476121065698157153e-01
6.132318945187283932e-01
5.773161640458177590e-01
5.498916811099210378e-01
5.308839762603275725e-01
5.094025548021828831e-01
4.922982834936028285e-01
4.675602200684815801e-01
4.468920134355821583e-01
4.309813938186823901e-01
4.205509281286318735e-01
4.056685024053204858e-01
3.886352118056518590e-01
3.845831924389959688e-01
3.677330904900810715e-01
3.538426682090746178e-01
3.512682298575198203e-01
3.432171098398756337e-01
3.339258193264410535e-01
3.291112419194583416e-01
3.289067406677085303e-01
3.246079890247343114e-01
3.130993755162208569e-01
3.077657503672783235e-01
3.006578798582363321e-01
2.928865354556323131e-01
3.076989507068259022e-01
3.086765714735777433e-01
2.865327241642242617e-01
3.037878574949451349e-01
2.948295246511857259e-01
3.015202284924261011e-01
2.963358487807526975e-01
2.898390549420366558e-01
2.881894428636735395e-01
2.982618638304175285e-01
3.090438711384701498e-01
3.090539372675733532e-01
3.038148281414744800e-01
3.145681040036185649e-01
3.257154736818433927e-01
3.352972855654333117e-01
3.142168659307065237e-01
3.693329055544710138e-01
3.339130297527088675e-01
3.233225491403994845e-01
3.292123364524311979e-01
3.845573170437215915e-01
3.920863580541654736e-01
4.006864429637514435e-01
4.270309300479417924e-01
4.764484698240571414e-01
4.258496602403419318e-01
4.453705877442072913e-01
5.041886354900649847e-01
4.354283205486068065e-01
5.856464056409789176e-01
6.901964030864077282e-01
4.731739346325286588e-01
6.892442209569795697e-01
5.485206892139095070e-01
7.429529101273508740e-01
5.855004076697220006e-01
7.852842918185873877e-01
9.206793443855965098e-01
1.170212627781666681e+00
1.291654635225900183e+00
1.201382952039120378e+00
1.285800510878496672e+00
8.877933650220430906e-01
1.757726566786512068e+00
1.900902523534419242e+00
1.733988740542324658e+00
3.168726557966165647e+00
2.106956206087084560e+00
5.100195757219037063e+00
4.694864952046376771e+00
3.465704201390591432e+00
4.692707397798810298e+00
1.195766610431138943e+01
7.628004211306872548e+02
1.452854099674143740e+01
2.499225497182082734e+01
2.557888947869567886e+01
4.320376858796534947e+01
1.230577557330239529e+02
5.117129373532567911e+02
5.314316948594215262e+01
6.166036243807660355e+00
1.192448999460911629e+01
7.003254030136321973e+00
1.072961839958458086e+01
8.270033337114389482e+00
3.342053186696133338e+01
6.454765497322467738e+00
2.885592665472980656e+00
2.307958306193880649e+00
1.359663513687665137e+00
1.220433034261379168e+00
1.788141013022148673e+00
1.182793451242848626e+00
1.372912375980594790e+00
1.564674936544406592e+00
1.081045108320821457e+00
1.773530717621473185e+00
1.919884558046905720e+00
6.486799687829526428e-01
1.045294937993630935e+00
1.002000169776220417e+00
8.158807284564519868e-01
6.863223330111534182e-01
5.346566761983087002e-01
5.181940098069046652e-01
5.403519538433472214e-01
6.566310240295822886e-01
4.566228983967240973e-01
5.007645883451175006e-01
4.448828433442861274e-01
5.350478027485726651e-01
4.349444709099110629e-01
3.529702628794628705e-01
3.417659859504145747e-01
3.607119961968108801e-01
3.985848860831871510e-01
2.844283475083290158e-01
2.971448850601338121e-01
2.869499386077684622e-01
2.741216462962461908e-01
2.886800642372061021e-01
3.666542879404344202e-01
2.005991097658174349e-01
2.539192153126633711e-01
3.814889677882930541e-01
2.723762053336443723e-01
2.547694469387290495e-01
3.330155026484170611e-01
3.924691202087638997e-01
2.440170580860914207e-01
2.203995316492281809e-01
1.856661637150707200e-01
1.911413959929350037e-01
2.863650894658211765e-01
2.455543359271590287e-01
3.011113981858849487e-01
3.405357339746744594e-01
2.279330813034720349e-01
2.236012059533063479e-01
2.697714092894963889e-01
2.957998255879424887e-01
2.102930801138958583e-01
2.098475994953985513e-01
1.792146823736881223e-01
2.155744394507049244e-01
2.206975761492441790e-01
3.517411552665800079e-01
2.256424961931552398e-01
2.613607437454234517e-01
3.440561463993637714e-01
3.041606426484361747e-01
2.618956310198489179e-01
2.028110438727049325e-01
3.266525266607713807e-01
5.375764794995729901e-01
2.624826171934594998e-01
3.143071989862931126e-01
3.846779616313268368e-01
4.403552031674085043e-01
3.972178800485900441e-01
3.496651028961472174e-01
4.134220763092506523e-01
