1.997711175777365570e+05
4.489547260057189533e+02
1.177655316777122607e+02
5.320594201256424327e+01
3.017999708037614681e+01
1.941574405188790564e+01
1.353227257295173480e+01
9.968222677071889137e+00
7.648954035069545299e+00
6.054908947245310813e+00
4.913211885285201141e+00
4.068446675685249758e+00
3.421987911299410712e+00
2.919452328163306465e+00
2.520885384924316686e+00
2.199712101005132148e+00
1.935335611602846173e+00
1.717435880829986772e+00
1.532948844606088823e+00
1.377470107445230019e+00
1.245777476702077058e+00
1.131244334472621960e+00
1.031636977737740768e+00
9.461661053664085497e-01
8.703243873508509365e-01
8.032296031872732112e-01
7.443286326391826968e-01
6.916234201427887696e-01
6.441900048325019945e-01
6.002926088730020648e-01
5.636889702990685036e-01
5.280877488764007532e-01
4.974968742284652246e-01
4.673407407199861030e-01
4.414807214361944343e-01
4.179354529533763074e-01
3.954763398770995142e-01
3.756463888598219891e-01
3.564494404607876366e-01
3.403515936788924501e-01
3.238483588787086087e-01
3.092602651945435821e-01
2.960633397964420044e-01
2.830417144899791682e-01
2.686932346094064172e-01
2.589840841203924771e-01
2.487833750862763482e-01
2.390230164915241595e-01
2.298036079844685275e-01
2.214278315539638109e-01
2.128534039773911923e-01
2.062038409062365296e-01
1.978363698402693105e-01
1.911297162474183131e-01
1.842536949982281624e-01
1.789956874171907131e-01
1.731866698234604818e-01
1.671781195695907218e-01
1.623112273951633211e-01
1.574044981593708259e-01
1.528779560839110263e-01
1.479141463601948148e-01
1.439152201821045085e-01
1.398829568784873134e-01
1.362210774118582657e-01
1.325294287138498450e-01
1.294615254015860084e-01
1.261219032161532971e-01
1.222744864079078481e-01
1.193095600756730740e-01
1.152439485026039434e-01
1.145666201201300388e-01
1.117181470221748907e-01
1.088767799002976072e-01
1.064343194841675944e-01
1.038787079305612121e-01
1.013878071111551649e-01
9.952284269160918684e-02
9.625181220348011379e-02
9.569891042440330231e-02
9.180680817970790497e-02
9.145231585609843450e-02
8.910221222014802489e-02
8.820497611475383581e-02
8.634861828856009447e-02
8.454526322167840724e-02
8.258358183511092798e-02
8.092676635323867163e-02
8.044772217155393701e-02
7.920079036907841374e-02
7.924834107572886754e-02
7.783681511036119605e-02
7.569944078881232774e-02
7.379664476655015126e-02
7.293261324602622053e-02
7.216185454256246468e-02
7.076461409265981384e-02
6.905686456418433372e-02
6.900592752464700108e-02
6.591714218512752244e-02
6.771595230322122183e-02
6.611680497007255131e-02
6.517117200257986631e-02
6.422469683514510363e-02
6.450175685467146591e-02
6.382950309839145742e-02
6.280304853297459522e-02
6.220724360239075768e-02
6.089828709877005003e-02
5.991661797364739028e-02
6.041821198757385547e-02
6.070530578316993275e-02
5.946985260838304199e-02
5.673689830703844417e-02
5.731665121179534833e-02
5.607557614593963735e-02
5.495430804171452799e-02
5.526989218721366226e-02
5.330463672416926868e-02
5.334146549305952834e-02
5.361537760085791082e-02
5.206935018534046555e-02
5.403311137184863000e-02
5.230198134170745139e-02
5.245300923468627918e-02
5.189641625999479035e-02
5.226965591145035783e-02
5.047783980826260619e-02
5.129286319134294253e-02
5.179054470086956463e-02
5.196862767113923087e-02
5.074366030750658563e-02
4.900536692553422724e-02
4.864216011112733329e-02
4.951191655591928586e-02
5.070497180576073737e-02
4.671848087092540097e-02
4.781516377635304516e-02
4.618642289014171509e-02
4.990988352201211620e-02
4.997961148104641815e-02
4.633424122143965651e-02
4.822995511190635021e-02
4.530684376730364366e-02
4.991115493575365436e-02
4.701138720497881340e-02
4.598695247484003296e-02
4.347562625401933667e-02
4.618039222671560529e-02
4.717274889083845901e-02
4.480907074698073367e-02
4.474496047168170787e-02
4.672228435191827511e-02
4.377333685434110777e-02
4.771510157321297296e-02
4.783469535549571272e-02
4.598192983236271125e-02
4.862292726395976705e-02
4.529883670626511094e-02
4.558554693064452434e-02
5.233979072235061397e-02
5.035538350071633307e-02
4.704961418712273052e-02
4.939460798954152521e-02
4.828941006695981752e-02
4.786100775331719737e-02
5.174259834366819188e-02
4.173042371000736106e-02
4.441721606343058959e-02
4.535928333012488600e-02
5.045621399115229888e-02
5.097765322837566337e-02
4.322915445631231313e-02
4.781743903457534584e-02
4.536893487149841475e-02
4.717334592524843884e-02
4.652407864296288775e-02
4.832048330460704533e-02
5.483713742218535026e-02
4.777558736700346365e-02
5.324117692969415616e-02
5.503147427236415590e-02
5.282189197270412140e-02
4.843263592289095282e-02
4.712950887940331457e-02
4.982749949720034766e-02
5.648758629630055983e-02
5.412001068398840375e-02
4.979088856447028838e-02
5.513696121509885362e-02
5.807285337248497409e-02
7.132322211707017856e-02
6.000624004917541610e-02
5.194890741470696571e-02
6.403982457263313055e-02
6.343814099358868752e-02
6.316409817799825688e-02
6.640215662784253181e-02
5.409411646570543020e-02
5.951654689759727779e-02
