1.997711436884944851e+05
4.489796514842465172e+02
1.177927974003751217e+02
5.323277987176934545e+01
3.020574357902805573e+01
1.944307941837984899e+01
1.355726158234074141e+01
9.996594109003275719e+00
7.675594099038451468e+00
6.082622319669745536e+00
4.941940914335917867e+00
4.095940225813879287e+00
3.448494461058186022e+00
2.944748724556268904e+00
2.547916901573666237e+00
2.223790034841817587e+00
1.962871852206772072e+00
1.743094868249971174e+00
1.558937086392101712e+00
1.406052839602821125e+00
1.273118445209033389e+00
1.158261554814951078e+00
1.059351962153228133e+00
9.732212028928114433e-01
8.981174447281451423e-01
8.331585984399823008e-01
7.724366328988108155e-01
7.188621040600918777e-01
6.697507048240567418e-01
6.288839843360553017e-01
5.920186706010692745e-01
5.537605335411377450e-01
5.234589536480493965e-01
4.949606728945386003e-01
4.710312632670048405e-01
4.462020219408859290e-01
4.236030877597197764e-01
4.024535803579021853e-01
3.877086421769483371e-01
3.679822355489364427e-01
3.512444865516691217e-01
3.363022489931752346e-01
3.229686172134751954e-01
3.104203021191088707e-01
2.994294566434123617e-01
2.894647845554896293e-01
2.794858946886882300e-01
2.676530703651673893e-01
2.591097333319420937e-01
2.504918342509436235e-01
2.424565946498105362e-01
2.365335970678982269e-01
2.285825148689163699e-01
2.261456046249953333e-01
2.164453263436128538e-01
2.134890814844971896e-01
2.067189561279941246e-01
1.981281889778249705e-01
1.949403763379131960e-01
1.913241783256713902e-01
1.842237745296726736e-01
1.824369961741715007e-01
1.774470016835525688e-01
1.744337022792376013e-01
1.699319921450328508e-01
1.671285288941209701e-01
1.674795757813535846e-01
1.603166825461619094e-01
1.590579512585249544e-01
1.589943469375952323e-01
1.564678267694926683e-01
1.480679084249441890e-01
1.512245861497039101e-01
1.452186973048832097e-01
1.465060779261381230e-01
1.465027222566381848e-01
1.466163307507943880e-01
1.403666483873410586e-01
1.388718679384967347e-01
1.418314640051181186e-01
1.390153261323292810e-01
1.420282125146340446e-01
1.330355714230436193e-01
1.341273905550573464e-01
1.296224105425620998e-01
1.397317808523607097e-01
1.294152768687900079e-01
1.353417013277023184e-01
1.334996637023099231e-01
1.339503680163502408e-01
1.300025104085973937e-01
1.346473750737708919e-01
1.327317051572063922e-01
1.237954175980089805e-01
1.298669994443004683e-01
1.322730434026954949e-01
1.403368054501038797e-01
1.340298294662650713e-01
1.291688112485348816e-01
1.332111604933552129e-01
1.268769305710299722e-01
1.304328744250445593e-01
1.295839063442333905e-01
1.344538918670996064e-01
1.442408708724287614e-01
1.333427604659505605e-01
1.572097416785629975e-01
1.506437401988940383e-01
1.558420910987245445e-01
1.407120633031571366e-01
1.392907937160093312e-01
1.434471048587218078e-01
1.509442768191403828e-01
1.714905717049159950e-01
1.662161814587156394e-01
1.585440230421804597e-01
1.709363674143626610e-01
1.996032130266196525e-01
1.796231185469714386e-01
1.668847717768153216e-01
1.574573947527641293e-01
1.637923855369967097e-01
1.885118194436570527e-01
1.766913468758453676e-01
1.916646774720064950e-01
1.887769262951223825e-01
2.112095423880299694e-01
2.103512774147688891e-01
2.780344534006606860e-01
2.427695926127627635e-01
2.230979030061202573e-01
2.392064364098769880e-01
2.936669036754698259e-01
2.750767182708434566e-01
3.109955955254335436e-01
2.813383501806552278e-01
2.331072351855599800e-01
3.293554233095122297e-01
2.982964045573824885e-01
3.237823307094562786e-01
3.193686143345283446e-01
4.256595816013024614e-01
5.001870874931708677e-01
3.890712144204920842e-01
5.036993917982235391e-01
5.956950596747250248e-01
4.095479142722944776e-01
5.963437591829776618e-01
6.189715926876178109e-01
5.352632787662621183e-01
6.957373366443045937e-01
1.011242528356607773e+00
1.200247526799832709e+00
7.449330885311662431e-01
8.873996082697830357e-01
9.853221523190618392e-01
1.711782007857744814e+00
1.350703242772681945e+00
2.183988390716591788e+00
2.271392409691327607e+00
6.114027337142768914e+00
1.706843175835988768e+00
2.367574191849056930e+00
3.756869053140143855e+00
3.119764012791816477e+00
1.238624045111593119e+01
3.584018541210465703e+00
4.126542496336710997e+00
5.863802733278649271e+01
1.621165006482717175e+01
6.211627037586986688e+01
6.917080095022646447e+01
5.077276640917556705e+00
6.948515964034569947e+01
1.123784720107911639e+01
2.909579851015788421e+01
1.598116641683255921e+02
1.129745056424046723e+01
1.054316033392410645e+01
8.860994241344911870e+00
1.306488060076136115e+01
5.618304247536233476e+00
4.617610830160724156e+00
1.272308210689758523e+00
3.306522490056172714e+00
7.366216288131585133e-01
1.905497811992796331e+00
1.025228432879222273e+00
4.000970221116990189e+00
1.977203478110101997e+00
9.796075602072195077e-01
3.572575520079019906e+00
5.569954477702920848e-01
1.329535049752754938e+00
1.436192838272333683e+00
7.104337569467067404e-01
1.983258619590210881e+00
5.714214866690092709e-01
4.853566143727425231e-01
6.912106301044727008e-01
